#
# A fatal error has been detected by the Java Runtime Environment:
#
#  SIGSEGV (0xb) at pc=0x00007fff2035e9bf, pid=4924, tid=0x000000000000e733
#
# JRE version: OpenJDK Runtime Environment (8.0_242) (build 1.8.0_242-release-1644-b3-6915495)
# Java VM: OpenJDK 64-Bit Server VM (25.242-b3-6915495 mixed mode bsd-amd64 compressed oops)
# Problematic frame:
# C  [libobjc.A.dylib+0x79bf]  objc_release+0x1f
#
# Failed to write core dump. Core dumps have been disabled. To enable core dumping, try "ulimit -c unlimited" before starting Java again
#
# If you would like to submit a bug report, please visit:
#   http://bugreport.java.com/bugreport/crash.jsp
# The crash happened outside the Java Virtual Machine in native code.
# See problematic frame for where to report the bug.
#

---------------  T H R E A D  ---------------

Current thread (0x00007f86fd9a8000):  JavaThread "LWJGL Application" [_thread_in_native, id=59187, stack(0x0000700008d4a000,0x0000700008e4a000)]

siginfo: si_signo: 11 (SIGSEGV), si_code: 1 (SEGV_MAPERR), si_addr: 0x000007f86fbc7320

Registers:
RAX=0xf00007f86fbc7307, RBX=0x0000000000000001, RCX=0x000007f86fbc7300, RDX=0x0000000000000005
RSP=0x0000700008e49458, RBP=0x0000700008e49490, RSI=0x00007f86fbe9c880, RDI=0x00007f86fbc723c0
R8 =0x00007f86fbd562b0, R9 =0x000000000000001f, R10=0x0000000127345c60, R11=0x00007fff22da3617
R12=0x00007f86fbc723c0, R13=0xa3a3a3a3a3a3a3a3, R14=0x00007f86fd9ce070, R15=0x00007f86fd9ce000
RIP=0x00007fff2035e9bf, EFLAGS=0x0000000000010206, ERR=0x0000000000000004
  TRAPNO=0x000000000000000e

Top of Stack: (sp=0x0000700008e49458)
0x0000700008e49458:   00007fff2037c39d 0000000000000000
0x0000700008e49468:   00007f86fd9ce000 00007f86fbf4a0c0
0x0000700008e49478:   0000000111707f48 00007fff7c439e8f
0x0000700008e49488:   00007f86fd9a81e0 0000700008e494b0
0x0000700008e49498:   00007fff2035f33e 0000000000000000
0x0000700008e494a8:   00007f86fd9ce070 0000700008e494d0
0x0000700008e494b8:   00007fff205791f0 0000000000000000
0x0000700008e494c8:   00007f86fbf4a0c0 0000700008e49510
0x0000700008e494d8:   00007fff21302dfd 00007fff806cd588
0x0000700008e494e8:   0000000000000000 00007f86fbf7bc70
0x0000700008e494f8:   0d630a92091a0037 00007f86fbc6bed0
0x0000700008e49508:   00007f86fbc6c3b0 0000700008e49540
0x0000700008e49518:   000000012731dcce 0000000111707f50
0x0000700008e49528:   0000000000000000 0000700008e495d0
0x0000700008e49538:   00007f86fd9a8000 0000700008e495a8
0x0000700008e49548:   0000000116c43407 0000700008e495a8
0x0000700008e49558:   0000000116c43167 0000000116c43122
0x0000700008e49568:   0000700008e49568 0000000111707f48
0x0000700008e49578:   0000700008e495d0 00000001117084b0
0x0000700008e49588:   0000000000000000 0000000111707f50
0x0000700008e49598:   0000000000000000 0000700008e495c8
0x0000700008e495a8:   0000700008e49618 0000000116c32ffd
0x0000700008e495b8:   0000000795ecc1e8 0000000116c3ca58
0x0000700008e495c8:   0000000795edaa10 0000000795e7a928
0x0000700008e495d8:   0000700008e495d8 0000000111707e4f
0x0000700008e495e8:   0000700008e49648 00000001117084b0
0x0000700008e495f8:   0000000000000000 0000000111707ec0
0x0000700008e49608:   0000700008e495c8 0000700008e49638
0x0000700008e49618:   0000700008e496a0 0000000116c33042
0x0000700008e49628:   0000000000000000 0000000795e7a928
0x0000700008e49638:   0000000795edaa10 0000000795e7a900
0x0000700008e49648:   0000000795ecc278 0000000000000001 

Instructions: (pc=0x00007fff2035e9bf)
0x00007fff2035e99f:   90 48 85 ff 74 76 89 f8 83 e0 01 48 85 c0 75 6c
0x00007fff2035e9af:   48 8b 07 48 b9 f8 ff ff ff ff 7f 00 00 48 21 c1
0x00007fff2035e9bf:   48 8b 51 20 f6 c2 04 74 54 a8 01 74 6f 48 b9 00
0x00007fff2035e9cf:   00 00 00 00 00 80 00 48 ba 00 00 00 00 00 00 00 

Register to memory mapping:

RAX=0xf00007f86fbc7307 is an unknown value
RBX=0x0000000000000001 is an unknown value
RCX=0x000007f86fbc7300 is an unknown value
RDX=0x0000000000000005 is an unknown value
RSP=0x0000700008e49458 is pointing into the stack for thread: 0x00007f86fd9a8000
RBP=0x0000700008e49490 is pointing into the stack for thread: 0x00007f86fd9a8000
RSI=0x00007f86fbe9c880 is an unknown value
RDI=0x00007f86fbc723c0 is an unknown value
R8 =0x00007f86fbd562b0 is an unknown value
R9 =0x000000000000001f is an unknown value
R10=0x0000000127345c60: OBJC_CLASS_$_MacOSXOpenGLView+0 in /private/var/folders/0v/qj4f4wnj143dhv1szc5_kxy40000gn/T/libgdxtuyen/f7649394/liblwjgl.dylib at 0x0000000127307000
R11=0x00007fff22da3617: -[NSResponder release]+0 in /System/Library/Frameworks/AppKit.framework/Versions/C/AppKit at 0x00007fff22d98000
R12=0x00007f86fbc723c0 is an unknown value
R13=0xa3a3a3a3a3a3a3a3 is an unknown value
R14=0x00007f86fd9ce070 is an unknown value
R15=0x00007f86fd9ce000 is an unknown value


Stack: [0x0000700008d4a000,0x0000700008e4a000],  sp=0x0000700008e49458,  free space=1021k
Native frames: (J=compiled Java code, j=interpreted, Vv=VM code, C=native code)
C  [libobjc.A.dylib+0x79bf]  objc_release+0x1f
C  [libobjc.A.dylib+0x833e]  objc_autoreleasePoolPop+0xa1
C  [CoreFoundation+0x421f0]  _CFAutoreleasePoolPop+0x16
C  [Foundation+0x1edfd]  -[NSAutoreleasePool release]+0x81
C  [liblwjgl.dylib+0x16cce]  Java_org_lwjgl_opengl_MacOSXContextImplementation_setView+0x10e
j  org.lwjgl.opengl.MacOSXContextImplementation.setView(Ljava/nio/ByteBuffer;Ljava/nio/ByteBuffer;)V+0
j  org.lwjgl.opengl.MacOSXContextImplementation.makeCurrent(Lorg/lwjgl/opengl/PeerInfo;Ljava/nio/ByteBuffer;)V+7
j  org.lwjgl.opengl.ContextGL.makeCurrent()V+46
j  org.lwjgl.opengl.DrawableGL.makeCurrent()V+14
j  org.lwjgl.opengl.Display.makeCurrent()V+3
j  org.lwjgl.opengl.Display.makeCurrentAndSetSwapInterval()V+0
j  org.lwjgl.opengl.Display.create(Lorg/lwjgl/opengl/PixelFormat;Lorg/lwjgl/opengl/Drawable;Lorg/lwjgl/opengl/ContextAttribs;)V+108
j  org.lwjgl.opengl.Display.create(Lorg/lwjgl/opengl/PixelFormat;)V+12
j  com.badlogic.gdx.backends.lwjgl.LwjglGraphics.createDisplayPixelFormat(ZII)V+343
j  com.badlogic.gdx.backends.lwjgl.LwjglGraphics.setupDisplay()V+575
j  com.badlogic.gdx.backends.lwjgl.LwjglApplication.mainLoop()V+9
j  com.badlogic.gdx.backends.lwjgl.LwjglApplication$1.run()V+27
v  ~StubRoutines::call_stub
V  [libjvm.dylib+0x2cc647]
V  [libjvm.dylib+0x2cb4a2]
V  [libjvm.dylib+0x2cb680]
V  [libjvm.dylib+0x31bcc4]
V  [libjvm.dylib+0x527e84]
V  [libjvm.dylib+0x527d49]
V  [libjvm.dylib+0x45b9eb]
C  [libsystem_pthread.dylib+0x6950]  _pthread_start+0xe0
C  [libsystem_pthread.dylib+0x247b]  thread_start+0xf
C  0x0000000000000000

Java frames: (J=compiled Java code, j=interpreted, Vv=VM code)
j  org.lwjgl.opengl.MacOSXContextImplementation.setView(Ljava/nio/ByteBuffer;Ljava/nio/ByteBuffer;)V+0
j  org.lwjgl.opengl.MacOSXContextImplementation.makeCurrent(Lorg/lwjgl/opengl/PeerInfo;Ljava/nio/ByteBuffer;)V+7
j  org.lwjgl.opengl.ContextGL.makeCurrent()V+46
j  org.lwjgl.opengl.DrawableGL.makeCurrent()V+14
j  org.lwjgl.opengl.Display.makeCurrent()V+3
j  org.lwjgl.opengl.Display.makeCurrentAndSetSwapInterval()V+0
j  org.lwjgl.opengl.Display.create(Lorg/lwjgl/opengl/PixelFormat;Lorg/lwjgl/opengl/Drawable;Lorg/lwjgl/opengl/ContextAttribs;)V+108
j  org.lwjgl.opengl.Display.create(Lorg/lwjgl/opengl/PixelFormat;)V+12
j  com.badlogic.gdx.backends.lwjgl.LwjglGraphics.createDisplayPixelFormat(ZII)V+343
j  com.badlogic.gdx.backends.lwjgl.LwjglGraphics.setupDisplay()V+575
j  com.badlogic.gdx.backends.lwjgl.LwjglApplication.mainLoop()V+9
j  com.badlogic.gdx.backends.lwjgl.LwjglApplication$1.run()V+27
v  ~StubRoutines::call_stub

---------------  P R O C E S S  ---------------

Java Threads: ( => current thread )
  0x00007f86fd9a1000 JavaThread "DestroyJavaVM" [_thread_blocked, id=3075, stack(0x00007000078ff000,0x00007000079ff000)]
=>0x00007f86fd9a8000 JavaThread "LWJGL Application" [_thread_in_native, id=59187, stack(0x0000700008d4a000,0x0000700008e4a000)]
  0x00007f86fd988800 JavaThread "AWT-Shutdown" [_thread_blocked, id=37915, stack(0x0000700008935000,0x0000700008a35000)]
  0x00007f86fd0dc800 JavaThread "AWT-AppKit" daemon [_thread_in_native, id=775, stack(0x00007ffee61a3000,0x00007ffee69a3000)]
  0x00007f86fd821800 JavaThread "Service Thread" daemon [_thread_blocked, id=14595, stack(0x00007000086ac000,0x00007000087ac000)]
  0x00007f86fc820800 JavaThread "C1 CompilerThread2" daemon [_thread_blocked, id=17155, stack(0x00007000085a9000,0x00007000086a9000)]
  0x00007f86fc01a000 JavaThread "C2 CompilerThread1" daemon [_thread_blocked, id=17411, stack(0x00007000084a6000,0x00007000085a6000)]
  0x00007f86fc019800 JavaThread "C2 CompilerThread0" daemon [_thread_blocked, id=17667, stack(0x00007000083a3000,0x00007000084a3000)]
  0x00007f86fd821000 JavaThread "Signal Dispatcher" daemon [_thread_blocked, id=17923, stack(0x00007000082a0000,0x00007000083a0000)]
  0x00007f86fc81e000 JavaThread "Finalizer" daemon [_thread_blocked, id=11779, stack(0x0000700008014000,0x0000700008114000)]
  0x00007f86fd00a000 JavaThread "Reference Handler" daemon [_thread_blocked, id=11523, stack(0x0000700007f11000,0x0000700008011000)]

Other Threads:
  0x00007f86fc017800 VMThread [stack: 0x0000700007e0e000,0x0000700007f0e000] [id=21507]
  0x00007f86fd04d000 WatcherThread [stack: 0x00007000087af000,0x00007000088af000] [id=14851]

VM state:not at safepoint (normal execution)

VM Mutex/Monitor currently owned by a thread: None

heap address: 0x0000000740000000, size: 2048 MB, Compressed Oops mode: Zero based, Oop shift amount: 3
Narrow klass base: 0x0000000000000000, Narrow klass shift: 3
Compressed class space size: 1073741824 Address: 0x00000007c0000000

Heap:
 PSYoungGen      total 38400K, used 9994K [0x0000000795580000, 0x0000000798000000, 0x00000007c0000000)
  eden space 33280K, 30% used [0x0000000795580000,0x0000000795f42860,0x0000000797600000)
  from space 5120K, 0% used [0x0000000797b00000,0x0000000797b00000,0x0000000798000000)
  to   space 5120K, 0% used [0x0000000797600000,0x0000000797600000,0x0000000797b00000)
 ParOldGen       total 87552K, used 0K [0x0000000740000000, 0x0000000745580000, 0x0000000795580000)
  object space 87552K, 0% used [0x0000000740000000,0x0000000740000000,0x0000000745580000)
 Metaspace       used 6500K, capacity 6618K, committed 6656K, reserved 1056768K
  class space    used 695K, capacity 761K, committed 768K, reserved 1048576K

Card table byte_map: [0x000000010c6b8000,0x000000010cab9000] byte_map_base: 0x0000000108cb8000

Marking Bits: (ParMarkBitMap*) 0x000000010c0273f8
 Begin Bits: [0x000000010cd64000, 0x000000010ed64000)
 End Bits:   [0x000000010ed64000, 0x0000000110d64000)

Polling page: 0x00000001092f1000

CodeCache: size=245760Kb used=2057Kb max_used=2059Kb free=243702Kb
 bounds [0x0000000116c2b000, 0x0000000116e9b000, 0x0000000125c2b000]
 total_blobs=754 nmethods=426 adapters=243
 compilation: enabled

Compilation events (10 events):
Event: 2.516 Thread 0x00007f86fc019800  422       4       java.lang.String::<init> (82 bytes)
Event: 2.520 Thread 0x00007f86fc019800 nmethod 422 0x0000000116e2df50 code [0x0000000116e2e0c0, 0x0000000116e2e398]
Event: 2.597 Thread 0x00007f86fc820800  423       3       java.io.File::isInvalid (47 bytes)
Event: 2.597 Thread 0x00007f86fc820800 nmethod 423 0x0000000116e2d890 code [0x0000000116e2da20, 0x0000000116e2de48]
Event: 2.617 Thread 0x00007f86fc820800  424       3       java.lang.Integer::valueOf (32 bytes)
Event: 2.618 Thread 0x00007f86fc820800 nmethod 424 0x0000000116e2bfd0 code [0x0000000116e2c160, 0x0000000116e2c4b0]
Event: 2.619 Thread 0x00007f86fc820800  425       3       java.nio.Buffer::remaining (10 bytes)
Event: 2.619 Thread 0x00007f86fc820800 nmethod 425 0x0000000116e2bcd0 code [0x0000000116e2be20, 0x0000000116e2bf70]
Event: 2.619 Thread 0x00007f86fc820800  426       3       sun.misc.SharedSecrets::javaUtilJarAccess (18 bytes)
Event: 2.620 Thread 0x00007f86fc820800 nmethod 426 0x0000000116e2b890 code [0x0000000116e2ba00, 0x0000000116e2bc48]

GC Heap History (0 events):
No events

Deoptimization events (0 events):
No events

Classes redefined (0 events):
No events

Internal exceptions (10 events):
Event: 1.860 Thread 0x00007f86fc00a800 Exception <a 'java/io/FileNotFoundException'> (0x0000000795ad38d8) thrown at [/Volumes/Android/buildbot/src/googleplex-android/openjdk/out/hotspot/src/share/vm/prims/jni.cpp, line 710]
Event: 1.861 Thread 0x00007f86fc00a800 Exception <a 'java/io/FileNotFoundException'> (0x0000000795ad48d8) thrown at [/Volumes/Android/buildbot/src/googleplex-android/openjdk/out/hotspot/src/share/vm/prims/jni.cpp, line 710]
Event: 1.919 Thread 0x00007f86fc00a800 Exception <a 'java/security/PrivilegedActionException'> (0x0000000795aec1c0) thrown at [/Volumes/Android/buildbot/src/googleplex-android/openjdk/out/hotspot/src/share/vm/prims/jvm.cpp, line 1502]
Event: 1.919 Thread 0x00007f86fc00a800 Exception <a 'java/security/PrivilegedActionException'> (0x0000000795aedda8) thrown at [/Volumes/Android/buildbot/src/googleplex-android/openjdk/out/hotspot/src/share/vm/prims/jvm.cpp, line 1502]
Event: 1.919 Thread 0x00007f86fc00a800 Exception <a 'java/security/PrivilegedActionException'> (0x0000000795aeeec8) thrown at [/Volumes/Android/buildbot/src/googleplex-android/openjdk/out/hotspot/src/share/vm/prims/jvm.cpp, line 1502]
Event: 1.919 Thread 0x00007f86fc00a800 Exception <a 'java/security/PrivilegedActionException'> (0x0000000795af4098) thrown at [/Volumes/Android/buildbot/src/googleplex-android/openjdk/out/hotspot/src/share/vm/prims/jvm.cpp, line 1502]
Event: 1.919 Thread 0x00007f86fc00a800 Exception <a 'java/security/PrivilegedActionException'> (0x0000000795af4cf0) thrown at [/Volumes/Android/buildbot/src/googleplex-android/openjdk/out/hotspot/src/share/vm/prims/jvm.cpp, line 1502]
Event: 1.919 Thread 0x00007f86fc00a800 Exception <a 'java/security/PrivilegedActionException'> (0x0000000795af5918) thrown at [/Volumes/Android/buildbot/src/googleplex-android/openjdk/out/hotspot/src/share/vm/prims/jvm.cpp, line 1502]
Event: 2.289 Thread 0x00007f86fd9a8000 Exception <a 'org/lwjgl/LWJGLException': Could not create pixel format> (0x0000000795e7a210) thrown at [/Volumes/Android/buildbot/src/googleplex-android/openjdk/out/hotspot/src/share/vm/prims/jni.cpp, line 737]
Event: 2.289 Thread 0x00007f86fd9a8000 Exception <a 'org/lwjgl/LWJGLException': Could not create pixel format> (0x0000000795e7a600) thrown at [/Volumes/Android/buildbot/src/googleplex-android/openjdk/out/hotspot/src/share/vm/prims/jni.cpp, line 737]

Events (10 events):
Event: 2.621 loading class org/lwjgl/opengl/ContextImplementation
Event: 2.621 loading class org/lwjgl/opengl/ContextImplementation done
Event: 2.626 loading class org/lwjgl/opengl/MacOSXContextImplementation
Event: 2.626 loading class org/lwjgl/opengl/MacOSXContextImplementation done
Event: 2.627 loading class org/lwjgl/opengl/GLContext
Event: 2.627 loading class org/lwjgl/opengl/GLContext done
Event: 2.628 loading class java/lang/NumberFormatException
Event: 2.628 loading class java/lang/NumberFormatException done
Event: 2.629 loading class org/lwjgl/opengl/GLContext$CapabilitiesCacheEntry
Event: 2.629 loading class org/lwjgl/opengl/GLContext$CapabilitiesCacheEntry done


Dynamic libraries:
0x00007fff3514c000 	/System/Library/Frameworks/Cocoa.framework/Versions/A/Cocoa
0x00007fff22371000 	/System/Library/Frameworks/Security.framework/Versions/A/Security
0x00007fff33349000 	/System/Library/Frameworks/ApplicationServices.framework/Versions/A/ApplicationServices
0x00007fff2a5fa000 	/usr/lib/libz.1.dylib
0x00007fff2a6c2000 	/usr/lib/libSystem.B.dylib
0x00007fff20537000 	/System/Library/Frameworks/CoreFoundation.framework/Versions/A/CoreFoundation
0x00007fff212e4000 	/System/Library/Frameworks/Foundation.framework/Versions/C/Foundation
0x00007fff20357000 	/usr/lib/libobjc.A.dylib
0x00007fff22d98000 	/System/Library/Frameworks/AppKit.framework/Versions/C/AppKit
0x00007fff25c30000 	/System/Library/Frameworks/CoreData.framework/Versions/A/CoreData
0x00007fff23afb000 	/System/Library/PrivateFrameworks/UIFoundation.framework/Versions/A/UIFoundation
0x00007fff2fd28000 	/System/Library/PrivateFrameworks/RemoteViewServices.framework/Versions/A/RemoteViewServices
0x00007fff28b21000 	/System/Library/PrivateFrameworks/XCTTargetBootstrap.framework/Versions/A/XCTTargetBootstrap
0x00007fff2b802000 	/usr/lib/libspindump.dylib
0x00007fff23d50000 	/System/Library/Frameworks/UniformTypeIdentifiers.framework/Versions/A/UniformTypeIdentifiers
0x00007fff272f7000 	/usr/lib/libapp_launch_measurement.dylib
0x00007fff272fa000 	/System/Library/PrivateFrameworks/CoreAutoLayout.framework/Versions/A/CoreAutoLayout
0x00007fff28483000 	/System/Library/Frameworks/Metal.framework/Versions/A/Metal
0x00007fff29173000 	/usr/lib/liblangid.dylib
0x00007fff28b25000 	/System/Library/PrivateFrameworks/CoreSVG.framework/Versions/A/CoreSVG
0x00007fff24d37000 	/System/Library/PrivateFrameworks/SkyLight.framework/Versions/A/SkyLight
0x00007fff2509e000 	/System/Library/Frameworks/CoreGraphics.framework/Versions/A/CoreGraphics
0x00007fff3037f000 	/System/Library/Frameworks/Accelerate.framework/Versions/A/Accelerate
0x00007fff2b23d000 	/System/Library/PrivateFrameworks/IconServices.framework/Versions/A/IconServices
0x00007fff28468000 	/System/Library/Frameworks/IOSurface.framework/Versions/A/IOSurface
0x00007fff265b9000 	/usr/lib/libDiagnosticMessagesClient.dylib
0x00007fff28b0d000 	/System/Library/PrivateFrameworks/DFRFoundation.framework/Versions/A/DFRFoundation
0x00007fff226c3000 	/usr/lib/libicucore.A.dylib
0x00007fff2cd49000 	/System/Library/Frameworks/AudioToolbox.framework/Versions/A/AudioToolbox
0x00007fff2bfee000 	/System/Library/PrivateFrameworks/DataDetectorsCore.framework/Versions/A/DataDetectorsCore
0x00007fff2880d000 	/System/Library/Frameworks/Carbon.framework/Versions/A/Frameworks/HIToolbox.framework/Versions/A/HIToolbox
0x00007fff26d52000 	/System/Library/Frameworks/QuartzCore.framework/Versions/A/QuartzCore
0x00007fff2fd64000 	/System/Library/Frameworks/Carbon.framework/Versions/A/Frameworks/SpeechRecognition.framework/Versions/A/SpeechRecognition
0x00007fff2705f000 	/System/Library/PrivateFrameworks/CoreUI.framework/Versions/A/CoreUI
0x00007fff21ccc000 	/System/Library/Frameworks/CoreAudio.framework/Versions/A/CoreAudio
0x00007fff266a4000 	/System/Library/Frameworks/DiskArbitration.framework/Versions/A/DiskArbitration
0x00007fff2bbfd000 	/System/Library/PrivateFrameworks/MultitouchSupport.framework/Versions/A/MultitouchSupport
0x00007fff2bfe5000 	/System/Library/PrivateFrameworks/InternationalSupport.framework/Versions/A/InternationalSupport
0x00007fff24cab000 	/usr/lib/libenergytrace.dylib
0x00007fff22c91000 	/System/Library/Frameworks/IOKit.framework/Versions/A/IOKit
0x00007fff300b1000 	/System/Library/Frameworks/CoreServices.framework/Versions/A/CoreServices
0x00007fff2728d000 	/System/Library/PrivateFrameworks/PerformanceAnalysis.framework/Versions/A/PerformanceAnalysis
0x00007fff6ca1b000 	/System/Library/Frameworks/OpenGL.framework/Versions/A/OpenGL
0x00007fff2c06a000 	/System/Library/PrivateFrameworks/UserActivity.framework/Versions/A/UserActivity
0x00007fff25732000 	/System/Library/Frameworks/ColorSync.framework/Versions/A/ColorSync
0x00007fff28d8a000 	/System/Library/Frameworks/CoreImage.framework/Versions/A/CoreImage
0x00007fff21ae3000 	/System/Library/Frameworks/CoreText.framework/Versions/A/CoreText
0x00007fff28b4f000 	/System/Library/Frameworks/ImageIO.framework/Versions/A/ImageIO
0x00007fff2a6c8000 	/System/Library/PrivateFrameworks/SoftLinking.framework/Versions/A/SoftLinking
0x00007fff27343000 	/usr/lib/libxml2.2.dylib
0x00007fff2041c000 	/usr/lib/libc++.1.dylib
0x00007fff2a93a000 	/usr/lib/libcompression.dylib
0x00007fff24cac000 	/usr/lib/libMobileGestalt.dylib
0x00007fff2bf18000 	/System/Library/PrivateFrameworks/TextureIO.framework/Versions/A/TextureIO
0x00007fff2af60000 	/usr/lib/libate.dylib
0x00007fff2a6bc000 	/usr/lib/system/libcache.dylib
0x00007fff2a678000 	/usr/lib/system/libcommonCrypto.dylib
0x00007fff2a6a2000 	/usr/lib/system/libcompiler_rt.dylib
0x00007fff2a697000 	/usr/lib/system/libcopyfile.dylib
0x00007fff20245000 	/usr/lib/system/libcorecrypto.dylib
0x00007fff20312000 	/usr/lib/system/libdispatch.dylib
0x00007fff204c6000 	/usr/lib/system/libdyld.dylib
0x00007fff2a6b3000 	/usr/lib/system/libkeymgr.dylib
0x00007fff2dafb000 	/usr/lib/system/liblaunch.dylib
0x00007fff2a656000 	/usr/lib/system/libmacho.dylib
0x00007fff29e70000 	/usr/lib/system/libquarantine.dylib
0x00007fff2a6b0000 	/usr/lib/system/libremovefile.dylib
0x00007fff24d08000 	/usr/lib/system/libsystem_asl.dylib
0x00007fff201f5000 	/usr/lib/system/libsystem_blocks.dylib
0x00007fff20393000 	/usr/lib/system/libsystem_c.dylib
0x00007fff2a6aa000 	/usr/lib/system/libsystem_collections.dylib
0x00007fff29164000 	/usr/lib/system/libsystem_configuration.dylib
0x00007fff28457000 	/usr/lib/system/libsystem_containermanager.dylib
0x00007fff2a3f2000 	/usr/lib/system/libsystem_coreservices.dylib
0x00007fff22925000 	/usr/lib/system/libsystem_darwin.dylib
0x00007fff2a6b4000 	/usr/lib/system/libsystem_dnssd.dylib
0x00007fff20390000 	/usr/lib/system/libsystem_featureflags.dylib
0x00007fff2050b000 	/usr/lib/system/libsystem_info.dylib
0x00007fff2a60d000 	/usr/lib/system/libsystem_m.dylib
0x00007fff202e5000 	/usr/lib/system/libsystem_malloc.dylib
0x00007fff24c9c000 	/usr/lib/system/libsystem_networkextension.dylib
0x00007fff22d40000 	/usr/lib/system/libsystem_notify.dylib
0x00007fff2ffaf000 	/usr/lib/system/libsystem_product_info_filter.dylib
0x00007fff29168000 	/usr/lib/system/libsystem_sandbox.dylib
0x00007fff2a6ad000 	/usr/lib/system/libsystem_secinit.dylib
0x00007fff2048b000 	/usr/lib/system/libsystem_kernel.dylib
0x00007fff20501000 	/usr/lib/system/libsystem_platform.dylib
0x00007fff204ba000 	/usr/lib/system/libsystem_pthread.dylib
0x00007fff26407000 	/usr/lib/system/libsystem_symptoms.dylib
0x00007fff2022d000 	/usr/lib/system/libsystem_trace.dylib
0x00007fff2a684000 	/usr/lib/system/libunwind.dylib
0x00007fff201f7000 	/usr/lib/system/libxpc.dylib
0x00007fff20472000 	/usr/lib/libc++abi.dylib
0x00007fff2a68f000 	/usr/lib/liboah.dylib
0x00007fff2ad45000 	/usr/lib/liblzma.5.dylib
0x00007fff20ff8000 	/System/Library/Frameworks/SystemConfiguration.framework/Versions/A/SystemConfiguration
0x00007fff2a6c4000 	/usr/lib/libfakelink.dylib
0x00007fff247fe000 	/System/Library/Frameworks/CFNetwork.framework/Versions/A/CFNetwork
0x00007fff2a804000 	/usr/lib/libarchive.2.dylib
0x00007fff21076000 	/usr/lib/libCRFSuite.dylib
0x00007fff29e97000 	/usr/lib/libbsm.0.dylib
0x00007fff241ba000 	/usr/lib/libnetwork.dylib
0x00007fff2a6c9000 	/usr/lib/libpcap.A.dylib
0x00007fff26400000 	/usr/lib/libdns_services.dylib
0x00007fff2ad5e000 	/usr/lib/libcoretls_cfhelpers.dylib
0x00007fff2a908000 	/usr/lib/libapple_nghttp2.dylib
0x00007fff2a65c000 	/usr/lib/system/libkxld.dylib
0x00007fff26066000 	/usr/lib/libsqlite3.dylib
0x00007fff2a3d4000 	/System/Library/PrivateFrameworks/AppleFSCompression.framework/Versions/A/AppleFSCompression
0x00007fff29e7f000 	/usr/lib/libcoretls.dylib
0x00007fff2a935000 	/usr/lib/libpam.2.dylib
0x00007fff2ae5b000 	/usr/lib/libxar.1.dylib
0x00007fff2916f000 	/System/Library/PrivateFrameworks/AppleSystemInfo.framework/Versions/A/AppleSystemInfo
0x00007fff29ac2000 	/System/Library/PrivateFrameworks/IOMobileFramebuffer.framework/Versions/A/IOMobileFramebuffer
0x00007fff2a3e4000 	/usr/lib/libbz2.1.0.dylib
0x00007fff2a701000 	/usr/lib/libiconv.2.dylib
0x00007fff2a655000 	/usr/lib/libcharset.1.dylib
0x00007fff272c9000 	/System/Library/Frameworks/CoreServices.framework/Versions/A/Frameworks/FSEvents.framework/Versions/A/FSEvents
0x00007fff2292f000 	/System/Library/Frameworks/CoreServices.framework/Versions/A/Frameworks/CarbonCore.framework/Versions/A/CarbonCore
0x00007fff26609000 	/System/Library/Frameworks/CoreServices.framework/Versions/A/Frameworks/Metadata.framework/Versions/A/Metadata
0x00007fff2a3f7000 	/System/Library/Frameworks/CoreServices.framework/Versions/A/Frameworks/OSServices.framework/Versions/A/OSServices
0x00007fff2a876000 	/System/Library/Frameworks/CoreServices.framework/Versions/A/Frameworks/SearchKit.framework/Versions/A/SearchKit
0x00007fff2638a000 	/System/Library/Frameworks/CoreServices.framework/Versions/A/Frameworks/AE.framework/Versions/A/AE
0x00007fff209d3000 	/System/Library/Frameworks/CoreServices.framework/Versions/A/Frameworks/LaunchServices.framework/Versions/A/LaunchServices
0x00007fff2acf6000 	/System/Library/Frameworks/CoreServices.framework/Versions/A/Frameworks/DictionaryServices.framework/Versions/A/DictionaryServices
0x00007fff272d2000 	/System/Library/Frameworks/CoreServices.framework/Versions/A/Frameworks/SharedFileList.framework/Versions/A/SharedFileList
0x00007fff29e73000 	/usr/lib/libCheckFix.dylib
0x00007fff24d1f000 	/System/Library/PrivateFrameworks/TCC.framework/Versions/A/TCC
0x00007fff29175000 	/System/Library/PrivateFrameworks/CoreNLP.framework/Versions/A/CoreNLP
0x00007fff265bc000 	/System/Library/PrivateFrameworks/MetadataUtilities.framework/Versions/A/MetadataUtilities
0x00007fff210ac000 	/usr/lib/libmecabra.dylib
0x00007fff2a186000 	/System/Library/Frameworks/MLCompute.framework/Versions/A/MLCompute
0x00007fff29ea8000 	/usr/lib/libmecab.dylib
0x00007fff29ef2000 	/usr/lib/libgermantok.dylib
0x00007fff2a8de000 	/usr/lib/libThaiTokenizer.dylib
0x00007fff2ae96000 	/usr/lib/libChineseTokenizer.dylib
0x00007fff2a933000 	/System/Library/Frameworks/MetalPerformanceShaders.framework/Versions/A/MetalPerformanceShaders
0x00007fff266ab000 	/System/Library/Frameworks/Accelerate.framework/Versions/A/Frameworks/vImage.framework/Versions/A/vImage
0x00007fff3008a000 	/System/Library/Frameworks/Accelerate.framework/Versions/A/Frameworks/vecLib.framework/Versions/A/vecLib
0x00007fff2aea1000 	/System/Library/Frameworks/Accelerate.framework/Versions/A/Frameworks/vecLib.framework/Versions/A/libvMisc.dylib
0x00007fff298db000 	/System/Library/Frameworks/Accelerate.framework/Versions/A/Frameworks/vecLib.framework/Versions/A/libvDSP.dylib
0x00007fff20cd7000 	/System/Library/Frameworks/Accelerate.framework/Versions/A/Frameworks/vecLib.framework/Versions/A/libBLAS.dylib
0x00007fff2a959000 	/System/Library/Frameworks/Accelerate.framework/Versions/A/Frameworks/vecLib.framework/Versions/A/libLAPACK.dylib
0x00007fff29ef8000 	/System/Library/Frameworks/Accelerate.framework/Versions/A/Frameworks/vecLib.framework/Versions/A/libLinearAlgebra.dylib
0x00007fff2a920000 	/System/Library/Frameworks/Accelerate.framework/Versions/A/Frameworks/vecLib.framework/Versions/A/libSparseBLAS.dylib
0x00007fff2a953000 	/System/Library/Frameworks/Accelerate.framework/Versions/A/Frameworks/vecLib.framework/Versions/A/libQuadrature.dylib
0x00007fff2921d000 	/System/Library/Frameworks/Accelerate.framework/Versions/A/Frameworks/vecLib.framework/Versions/A/libBNNS.dylib
0x00007fff20f89000 	/System/Library/Frameworks/Accelerate.framework/Versions/A/Frameworks/vecLib.framework/Versions/A/libSparse.dylib
0x00007fff29108000 	/System/Library/Frameworks/MetalPerformanceShaders.framework/Versions/A/Frameworks/MPSCore.framework/Versions/A/MPSCore
0x00007fff2a343000 	/System/Library/Frameworks/MetalPerformanceShaders.framework/Versions/A/Frameworks/MPSImage.framework/Versions/A/MPSImage
0x00007fff29f0e000 	/System/Library/Frameworks/MetalPerformanceShaders.framework/Versions/A/Frameworks/MPSNeuralNetwork.framework/Versions/A/MPSNeuralNetwork
0x00007fff2a2ce000 	/System/Library/Frameworks/MetalPerformanceShaders.framework/Versions/A/Frameworks/MPSMatrix.framework/Versions/A/MPSMatrix
0x00007fff2a136000 	/System/Library/Frameworks/MetalPerformanceShaders.framework/Versions/A/Frameworks/MPSRayIntersector.framework/Versions/A/MPSRayIntersector
0x00007fff2a305000 	/System/Library/Frameworks/MetalPerformanceShaders.framework/Versions/A/Frameworks/MPSNDArray.framework/Versions/A/MPSNDArray
0x00007fff20c03000 	/System/Library/PrivateFrameworks/MetalTools.framework/Versions/A/MetalTools
0x00007fff2916d000 	/System/Library/PrivateFrameworks/AggregateDictionary.framework/Versions/A/AggregateDictionary
0x00007fff26594000 	/System/Library/PrivateFrameworks/CoreAnalytics.framework/Versions/A/CoreAnalytics
0x00007fff2a8e0000 	/System/Library/PrivateFrameworks/AppleSauce.framework/Versions/A/AppleSauce
0x00007fff2847a000 	/System/Library/PrivateFrameworks/IOAccelerator.framework/Versions/A/IOAccelerator
0x00007fff6ca0f000 	/System/Library/Frameworks/OpenGL.framework/Versions/A/Libraries/libCoreFSCache.dylib
0x00007fff21648000 	/System/Library/PrivateFrameworks/LanguageModeling.framework/Versions/A/LanguageModeling
0x00007fff29aaf000 	/System/Library/PrivateFrameworks/CoreEmoji.framework/Versions/A/CoreEmoji
0x00007fff29216000 	/System/Library/PrivateFrameworks/LinguisticData.framework/Versions/A/LinguisticData
0x00007fff20f3b000 	/System/Library/PrivateFrameworks/Lexicon.framework/Versions/A/Lexicon
0x00007fff2a7f2000 	/usr/lib/libcmph.dylib
0x00007fff272a9000 	/System/Library/Frameworks/OpenDirectory.framework/Versions/A/Frameworks/CFOpenDirectory.framework/Versions/A/CFOpenDirectory
0x00007fff27299000 	/System/Library/Frameworks/OpenDirectory.framework/Versions/A/OpenDirectory
0x00007fff2ad60000 	/System/Library/PrivateFrameworks/APFS.framework/Versions/A/APFS
0x00007fff29dd4000 	/System/Library/Frameworks/SecurityFoundation.framework/Versions/A/SecurityFoundation
0x00007fff2ae69000 	/usr/lib/libutil.dylib
0x00007fff22c56000 	/System/Library/PrivateFrameworks/CoreServicesStore.framework/Versions/A/CoreServicesStore
0x00007fff29e6b000 	/System/Library/Frameworks/ServiceManagement.framework/Versions/A/ServiceManagement
0x00007fff2ae6d000 	/usr/lib/libxslt.1.dylib
0x00007fff29e61000 	/System/Library/PrivateFrameworks/BackgroundTaskManagement.framework/Versions/A/BackgroundTaskManagement
0x00007fff2be62000 	/System/Library/Frameworks/ImageIO.framework/Versions/A/Resources/libRadiance.dylib
0x00007fff2be6c000 	/System/Library/Frameworks/ImageIO.framework/Versions/A/Resources/libJPEG.dylib
0x00007fff2bdb7000 	/System/Library/Frameworks/ImageIO.framework/Versions/A/Resources/libPng.dylib
0x00007fff2bdde000 	/System/Library/Frameworks/ImageIO.framework/Versions/A/Resources/libTIFF.dylib
0x00007fff2bec1000 	/System/Library/Frameworks/ImageIO.framework/Versions/A/Resources/libGIF.dylib
0x00007fff2bb1a000 	/System/Library/Frameworks/ImageIO.framework/Versions/A/Resources/libJP2.dylib
0x00007fff2b204000 	/usr/lib/libexpat.1.dylib
0x00007fff2bacf000 	/System/Library/PrivateFrameworks/AppleJPEG.framework/Versions/A/AppleJPEG
0x00007fff286b0000 	/System/Library/PrivateFrameworks/FontServices.framework/libFontParser.dylib
0x00007fff2633e000 	/System/Library/PrivateFrameworks/RunningBoardServices.framework/Versions/A/RunningBoardServices
0x00007fff2bbf9000 	/System/Library/PrivateFrameworks/WatchdogClient.framework/Versions/A/WatchdogClient
0x00007fff21735000 	/System/Library/Frameworks/CoreDisplay.framework/Versions/A/CoreDisplay
0x00007fff285c6000 	/System/Library/Frameworks/CoreMedia.framework/Versions/A/CoreMedia
0x00007fff27426000 	/System/Library/Frameworks/CoreVideo.framework/Versions/A/CoreVideo
0x00007fff2bc31000 	/System/Library/Frameworks/VideoToolbox.framework/Versions/A/VideoToolbox
0x00007fff262bc000 	/System/Library/PrivateFrameworks/BaseBoard.framework/Versions/A/BaseBoard
0x00007fff2b349000 	/System/Library/PrivateFrameworks/PersistentConnection.framework/Versions/A/PersistentConnection
0x00007fff2604f000 	/System/Library/PrivateFrameworks/ProtocolBuffer.framework/Versions/A/ProtocolBuffer
0x00007fff262a3000 	/System/Library/PrivateFrameworks/CommonUtilities.framework/Versions/A/CommonUtilities
0x00007fff2ba64000 	/System/Library/PrivateFrameworks/Bom.framework/Versions/A/Bom
0x00007fff2be5b000 	/System/Library/PrivateFrameworks/GPUWrangler.framework/Versions/A/GPUWrangler
0x00007fff2be3e000 	/System/Library/PrivateFrameworks/IOPresentment.framework/Versions/A/IOPresentment
0x00007fff2be66000 	/System/Library/PrivateFrameworks/DSExternalDisplay.framework/Versions/A/DSExternalDisplay
0x00007fff2bec6000 	/System/Library/PrivateFrameworks/CMCaptureCore.framework/Versions/A/CMCaptureCore
0x00007fff2b7e9000 	/System/Library/PrivateFrameworks/AppServerSupport.framework/Versions/A/AppServerSupport
0x00007fff2d89a000 	/System/Library/PrivateFrameworks/perfdata.framework/Versions/A/perfdata
0x00007fff29dc3000 	/System/Library/PrivateFrameworks/AssertionServices.framework/Versions/A/AssertionServices
0x00007fff2186c000 	/System/Library/PrivateFrameworks/AudioToolboxCore.framework/Versions/A/AudioToolboxCore
0x00007fff285a9000 	/System/Library/PrivateFrameworks/caulk.framework/Versions/A/caulk
0x00007fff3d545000 	/System/Library/PrivateFrameworks/SystemPolicy.framework/Versions/A/SystemPolicy
0x00007fff2aff9000 	/usr/lib/libIOReport.dylib
0x00007fff2d0bc000 	/usr/lib/libSMC.dylib
0x00007fff2bd84000 	/usr/lib/libAudioToolboxUtility.dylib
0x00007fff3deaf000 	/usr/lib/libmis.dylib
0x00007fff6ca6b000 	/System/Library/Frameworks/OpenGL.framework/Versions/A/Libraries/libGLU.dylib
0x00007fff6ca2e000 	/System/Library/Frameworks/OpenGL.framework/Versions/A/Libraries/libGFXShared.dylib
0x00007fff6cc3d000 	/System/Library/Frameworks/OpenGL.framework/Versions/A/Libraries/libGL.dylib
0x00007fff6ca37000 	/System/Library/Frameworks/OpenGL.framework/Versions/A/Libraries/libGLImage.dylib
0x00007fff6ca2b000 	/System/Library/Frameworks/OpenGL.framework/Versions/A/Libraries/libCVMSPluginSupport.dylib
0x00007fff6ca16000 	/System/Library/Frameworks/OpenGL.framework/Versions/A/Libraries/libCoreVMClient.dylib
0x00007fff6e07e000 	/System/Library/Frameworks/OpenCL.framework/Versions/A/OpenCL
0x00007fff2b373000 	/System/Library/PrivateFrameworks/GraphVisualizer.framework/Versions/A/GraphVisualizer
0x00007fff2b382000 	/System/Library/PrivateFrameworks/FaceCore.framework/Versions/A/FaceCore
0x00007fff2b79e000 	/System/Library/PrivateFrameworks/OTSVG.framework/Versions/A/OTSVG
0x00007fff2701d000 	/System/Library/Frameworks/ApplicationServices.framework/Versions/A/Frameworks/ATS.framework/Versions/A/Resources/libFontRegistry.dylib
0x00007fff2b7f0000 	/System/Library/PrivateFrameworks/FontServices.framework/libhvf.dylib
0x00007fff2b1b0000 	/System/Library/PrivateFrameworks/AppleVA.framework/Versions/A/AppleVA
0x00007fff2cf05000 	/System/Library/Frameworks/ApplicationServices.framework/Versions/A/Frameworks/ATS.framework/Versions/A/ATS
0x00007fff2d217000 	/System/Library/Frameworks/ApplicationServices.framework/Versions/A/Frameworks/ColorSyncLegacy.framework/Versions/A/ColorSyncLegacy
0x00007fff25829000 	/System/Library/Frameworks/ApplicationServices.framework/Versions/A/Frameworks/HIServices.framework/Versions/A/HIServices
0x00007fff2d1fc000 	/System/Library/Frameworks/ApplicationServices.framework/Versions/A/Frameworks/LangAnalysis.framework/Versions/A/LangAnalysis
0x00007fff2bed0000 	/System/Library/Frameworks/ApplicationServices.framework/Versions/A/Frameworks/PrintCore.framework/Versions/A/PrintCore
0x00007fff2d21f000 	/System/Library/Frameworks/ApplicationServices.framework/Versions/A/Frameworks/QD.framework/Versions/A/QD
0x00007fff2cef5000 	/System/Library/Frameworks/ApplicationServices.framework/Versions/A/Frameworks/SpeechSynthesis.framework/Versions/A/SpeechSynthesis
0x00007fff2be91000 	/System/Library/Frameworks/ApplicationServices.framework/Versions/A/Frameworks/ATSUI.framework/Versions/A/ATSUI
0x00007fff2d19c000 	/usr/lib/libcups.2.dylib
0x00007fff2d20c000 	/System/Library/PrivateFrameworks/NetAuth.framework/Versions/A/NetAuth
0x00007fff2d8b6000 	/System/Library/Frameworks/Kerberos.framework/Versions/A/Kerberos
0x00007fff2d8c6000 	/System/Library/Frameworks/GSS.framework/Versions/A/GSS
0x00007fff2cf71000 	/usr/lib/libresolv.9.dylib
0x00007fff2b805000 	/System/Library/PrivateFrameworks/Heimdal.framework/Versions/A/Heimdal
0x00007fff3364a000 	/System/Library/Frameworks/Kerberos.framework/Versions/A/Libraries/libHeimdalProxy.dylib
0x00007fff2640f000 	/System/Library/Frameworks/Network.framework/Versions/A/Network
0x00007fff2b21e000 	/usr/lib/libheimdal-asn1.dylib
0x00007fff2d916000 	/System/Library/PrivateFrameworks/CommonAuth.framework/Versions/A/CommonAuth
0x00007fff27473000 	/System/Library/PrivateFrameworks/login.framework/Versions/A/Frameworks/loginsupport.framework/Versions/A/loginsupport
0x00007fff2ce7a000 	/System/Library/PrivateFrameworks/AudioSession.framework/Versions/A/AudioSession
0x00007fff2cee2000 	/usr/lib/libAudioStatistics.dylib
0x00007fff2b2ab000 	/System/Library/PrivateFrameworks/MediaExperience.framework/Versions/A/MediaExperience
0x00007fff2cd17000 	/System/Library/PrivateFrameworks/AudioSession.framework/libSessionUtility.dylib
0x00007fff2d8a7000 	/usr/lib/libperfcheck.dylib
0x00007fff2d22b000 	/System/Library/PrivateFrameworks/AudioResourceArbitration.framework/Versions/A/AudioResourceArbitration
0x00007fff2b228000 	/System/Library/PrivateFrameworks/IconFoundation.framework/Versions/A/IconFoundation
0x00007fff2fd54000 	/System/Library/PrivateFrameworks/SpeechRecognitionCore.framework/Versions/A/SpeechRecognitionCore
0x000000010b800000 	/private/var/folders/0v/qj4f4wnj143dhv1szc5_kxy40000gn/T/AppTranslocation/9E4EE7FD-01AC-4F3F-A41A-2E03DF7D9684/d/Android Studio.app/Contents/jre/jdk/Contents/Home/jre/lib/server/libjvm.dylib
0x00007fff78957000 	/usr/lib/libstdc++.6.dylib
0x0000000109295000 	/private/var/folders/0v/qj4f4wnj143dhv1szc5_kxy40000gn/T/AppTranslocation/9E4EE7FD-01AC-4F3F-A41A-2E03DF7D9684/d/Android Studio.app/Contents/jre/jdk/Contents/Home/jre/lib/libverify.dylib
0x00000001092a7000 	/private/var/folders/0v/qj4f4wnj143dhv1szc5_kxy40000gn/T/AppTranslocation/9E4EE7FD-01AC-4F3F-A41A-2E03DF7D9684/d/Android Studio.app/Contents/jre/jdk/Contents/Home/jre/lib/libjava.dylib
0x000000010933b000 	/private/var/folders/0v/qj4f4wnj143dhv1szc5_kxy40000gn/T/AppTranslocation/9E4EE7FD-01AC-4F3F-A41A-2E03DF7D9684/d/Android Studio.app/Contents/jre/jdk/Contents/Home/jre/lib/libzip.dylib
0x0000000109743000 	/private/var/folders/0v/qj4f4wnj143dhv1szc5_kxy40000gn/T/AppTranslocation/9E4EE7FD-01AC-4F3F-A41A-2E03DF7D9684/d/Android Studio.app/Contents/jre/jdk/Contents/Home/jre/lib/libnio.dylib
0x000000010975e000 	/private/var/folders/0v/qj4f4wnj143dhv1szc5_kxy40000gn/T/AppTranslocation/9E4EE7FD-01AC-4F3F-A41A-2E03DF7D9684/d/Android Studio.app/Contents/jre/jdk/Contents/Home/jre/lib/libnet.dylib
0x0000000113720000 	/private/var/folders/0v/qj4f4wnj143dhv1szc5_kxy40000gn/T/libgdxtuyen/25a8e9fb/libgdx64.dylib
0x0000000113766000 	/private/var/folders/0v/qj4f4wnj143dhv1szc5_kxy40000gn/T/AppTranslocation/9E4EE7FD-01AC-4F3F-A41A-2E03DF7D9684/d/Android Studio.app/Contents/jre/jdk/Contents/Home/jre/lib/libawt.dylib
0x0000000113827000 	/private/var/folders/0v/qj4f4wnj143dhv1szc5_kxy40000gn/T/AppTranslocation/9E4EE7FD-01AC-4F3F-A41A-2E03DF7D9684/d/Android Studio.app/Contents/jre/jdk/Contents/Home/jre/lib/libmlib_image.dylib
0x00007fff6f8ab000 	/System/Library/Frameworks/JavaNativeFoundation.framework/Versions/A/JavaNativeFoundation
0x00007fff6f8b7000 	/System/Library/Frameworks/JavaRuntimeSupport.framework/Versions/A/JavaRuntimeSupport
0x00007fff3d2bd000 	/System/Library/Frameworks/Carbon.framework/Versions/A/Carbon
0x00007fff31d1e000 	/System/Library/PrivateFrameworks/CoreSymbolication.framework/Versions/A/CoreSymbolication
0x00007fff365b7000 	/System/Library/Frameworks/Carbon.framework/Versions/A/Frameworks/CommonPanels.framework/Versions/A/CommonPanels
0x00007fff33104000 	/System/Library/Frameworks/Carbon.framework/Versions/A/Frameworks/Help.framework/Versions/A/Help
0x00007fff365bb000 	/System/Library/Frameworks/Carbon.framework/Versions/A/Frameworks/ImageCapture.framework/Versions/A/ImageCapture
0x00007fff36593000 	/System/Library/Frameworks/Carbon.framework/Versions/A/Frameworks/OpenScripting.framework/Versions/A/OpenScripting
0x00007fff365b3000 	/System/Library/Frameworks/Carbon.framework/Versions/A/Frameworks/Ink.framework/Versions/A/Ink
0x00007fff3d2b9000 	/System/Library/Frameworks/Carbon.framework/Versions/A/Frameworks/Print.framework/Versions/A/Print
0x00007fff365af000 	/System/Library/Frameworks/Carbon.framework/Versions/A/Frameworks/SecurityHI.framework/Versions/A/SecurityHI
0x00007fff31ce1000 	/System/Library/PrivateFrameworks/DebugSymbols.framework/Versions/A/DebugSymbols
0x00000001138ed000 	/private/var/folders/0v/qj4f4wnj143dhv1szc5_kxy40000gn/T/AppTranslocation/9E4EE7FD-01AC-4F3F-A41A-2E03DF7D9684/d/Android Studio.app/Contents/jre/jdk/Contents/Home/jre/lib/libawt_lwawt.dylib
0x00000001139dc000 	/private/var/folders/0v/qj4f4wnj143dhv1szc5_kxy40000gn/T/AppTranslocation/9E4EE7FD-01AC-4F3F-A41A-2E03DF7D9684/d/Android Studio.app/Contents/jre/jdk/Contents/Home/jre/lib/libosxapp.dylib
0x00007fff3c67d000 	/System/Library/Frameworks/ExceptionHandling.framework/Versions/A/ExceptionHandling
0x00007fff22c17000 	/System/Library/PrivateFrameworks/CoreServicesInternal.framework/Versions/A/CoreServicesInternal
0x00007fff3123a000 	/System/Library/Frameworks/FileProvider.framework/Versions/A/FileProvider
0x00007fff26226000 	/System/Library/Frameworks/Accounts.framework/Versions/A/Accounts
0x00007fff3135b000 	/System/Library/PrivateFrameworks/GenerationalStorage.framework/Versions/A/GenerationalStorage
0x00007fff30c59000 	/System/Library/PrivateFrameworks/SymptomDiagnosticReporter.framework/Versions/A/SymptomDiagnosticReporter
0x00007fff2e55f000 	/System/Library/PrivateFrameworks/AppContainer.framework/Versions/A/AppContainer
0x00007fff23d63000 	/System/Library/PrivateFrameworks/DesktopServicesPriv.framework/Versions/A/DesktopServicesPriv
0x00007fff22d4c000 	/usr/lib/libsandbox.1.dylib
0x00007fff2749f000 	/System/Library/PrivateFrameworks/UserManagement.framework/Versions/A/UserManagement
0x00007fff29da0000 	/System/Library/PrivateFrameworks/MobileKeyBag.framework/Versions/A/MobileKeyBag
0x00007fff346b4000 	/System/Library/PrivateFrameworks/ChunkingLibrary.framework/Versions/A/ChunkingLibrary
0x00007fff2e574000 	/System/Library/PrivateFrameworks/SecCodeWrapper.framework/Versions/A/SecCodeWrapper
0x00007fff2b001000 	/System/Library/PrivateFrameworks/CrashReporterSupport.framework/Versions/A/CrashReporterSupport
0x00007fff48438000 	/System/Library/PrivateFrameworks/OSAnalytics.framework/Versions/A/OSAnalytics
0x00007fff78243000 	/usr/lib/libRosetta.dylib
0x00007fff33095000 	/System/Library/PrivateFrameworks/RemoteServiceDiscovery.framework/Versions/A/RemoteServiceDiscovery
0x00007fff52410000 	/System/Library/PrivateFrameworks/Symbolication.framework/Versions/A/Symbolication
0x00007fff330a5000 	/System/Library/PrivateFrameworks/RemoteXPC.framework/Versions/A/RemoteXPC
0x00007fff395b0000 	/System/Library/PrivateFrameworks/OSAServicesClient.framework/Versions/A/OSAServicesClient
0x00007fff3de8e000 	/System/Library/PrivateFrameworks/MallocStackLogging.framework/Versions/A/MallocStackLogging
0x00007fff2e2f6000 	/System/Library/PrivateFrameworks/Sharing.framework/Versions/A/Sharing
0x00007fff32c72000 	/System/Library/PrivateFrameworks/Apple80211.framework/Versions/A/Apple80211
0x00007fff2a425000 	/System/Library/PrivateFrameworks/AuthKit.framework/Versions/A/AuthKit
0x00007fff29ba0000 	/System/Library/PrivateFrameworks/CoreUtils.framework/Versions/A/CoreUtils
0x00007fff29acd000 	/System/Library/Frameworks/CoreWLAN.framework/Versions/A/CoreWLAN
0x00007fff2e43e000 	/System/Library/Frameworks/IOBluetooth.framework/Versions/A/IOBluetooth
0x00007fff32cd6000 	/System/Library/PrivateFrameworks/CoreWiFi.framework/Versions/A/CoreWiFi
0x00007fff2d99e000 	/System/Library/PrivateFrameworks/CorePhoneNumbers.framework/Versions/A/CorePhoneNumbers
0x00007fff30d61000 	/System/Library/PrivateFrameworks/DiskManagement.framework/Versions/A/DiskManagement
0x00007fff30c77000 	/System/Library/PrivateFrameworks/AppleIDAuthSupport.framework/Versions/A/AppleIDAuthSupport
0x00007fff2d97b000 	/System/Library/PrivateFrameworks/KeychainCircle.framework/Versions/A/KeychainCircle
0x00007fff30d2d000 	/System/Library/PrivateFrameworks/MediaKit.framework/Versions/A/MediaKit
0x00007fff30c84000 	/System/Library/Frameworks/DiscRecording.framework/Versions/A/DiscRecording
0x00007fff2b124000 	/usr/lib/libCoreStorage.dylib
0x00007fff33110000 	/usr/lib/libcsfde.dylib
0x00007fff2e578000 	/System/Library/PrivateFrameworks/ProtectedCloudStorage.framework/Versions/A/ProtectedCloudStorage
0x00007fff33108000 	/System/Library/PrivateFrameworks/EFILogin.framework/Versions/A/EFILogin
0x00007fff336fd000 	/System/Library/Frameworks/AudioUnit.framework/Versions/A/AudioUnit
0x00007fff30bf6000 	/System/Library/Frameworks/CoreBluetooth.framework/Versions/A/CoreBluetooth
0x00007fff2b11c000 	/usr/lib/libMatch.1.dylib
0x00007fff440c9000 	/System/Library/CoreServices/RawCamera.bundle/Contents/MacOS/RawCamera
0x00007fff2d927000 	/System/Library/PrivateFrameworks/MobileAsset.framework/Versions/A/MobileAsset
0x00007fff33722000 	/System/Library/PrivateFrameworks/StreamingZip.framework/Versions/A/StreamingZip
0x00007fff2c0c9000 	/System/Library/Frameworks/MediaToolbox.framework/Versions/A/MediaToolbox
0x00007fff3120c000 	/System/Library/PrivateFrameworks/CoreAVCHD.framework/Versions/A/CoreAVCHD
0x00007fff303c0000 	/System/Library/Frameworks/MediaAccessibility.framework/Versions/A/MediaAccessibility
0x00007fff31208000 	/System/Library/PrivateFrameworks/Mangrove.framework/Versions/A/Mangrove
0x00007fff303cc000 	/System/Library/PrivateFrameworks/AlgosScoreFramework.framework/Versions/A/AlgosScoreFramework
0x00007fff31bd1000 	/System/Library/PrivateFrameworks/AppleVPA.framework/Versions/A/AppleVPA
0x00007fff30e4d000 	/System/Library/PrivateFrameworks/CoreAUC.framework/Versions/A/CoreAUC
0x00007fff41abb000 	/System/Library/Frameworks/Accelerate.framework/Versions/A/Frameworks/vImage.framework/Versions/A/Libraries/libCGInterfaces.dylib
0x0000000115a4f000 	/usr/lib/libobjc-trampolines.dylib
0x00007fff271a1000 	/System/Library/PrivateFrameworks/ViewBridge.framework/Versions/A/ViewBridge
0x00000001270dd000 	/private/var/folders/0v/qj4f4wnj143dhv1szc5_kxy40000gn/T/AppTranslocation/9E4EE7FD-01AC-4F3F-A41A-2E03DF7D9684/d/Android Studio.app/Contents/jre/jdk/Contents/Home/jre/lib/libfontmanager.dylib
0x0000000127205000 	/private/var/folders/0v/qj4f4wnj143dhv1szc5_kxy40000gn/T/AppTranslocation/9E4EE7FD-01AC-4F3F-A41A-2E03DF7D9684/d/Android Studio.app/Contents/jre/jdk/Contents/Home/jre/lib/libfreetype.dylib.6
0x0000000127307000 	/private/var/folders/0v/qj4f4wnj143dhv1szc5_kxy40000gn/T/libgdxtuyen/f7649394/liblwjgl.dylib
0x000000011682d000 	/private/var/folders/0v/qj4f4wnj143dhv1szc5_kxy40000gn/T/AppTranslocation/9E4EE7FD-01AC-4F3F-A41A-2E03DF7D9684/d/Android Studio.app/Contents/jre/jdk/Contents/Home/jre/lib/libjawt.dylib
0x0000000127389000 	/private/var/folders/0v/qj4f4wnj143dhv1szc5_kxy40000gn/T/libgdxtuyen/f7649394/openal.dylib
0x00000001273e5000 	/System/Library/Components/CoreAudio.component/Contents/MacOS/CoreAudio
0x0000000127581000 	/System/Library/Extensions/AppleHDA.kext/Contents/PlugIns/AppleHDAHALPlugIn.bundle/Contents/MacOS/AppleHDAHALPlugIn
0x00007fff6cc48000 	/System/Library/Frameworks/OpenGL.framework/Versions/A/Resources/GLEngine.bundle/GLEngine
0x00007fff6caa8000 	/System/Library/Frameworks/OpenGL.framework/Versions/A/Libraries/libGLProgrammability.dylib
0x00007fff64619000 	/System/Library/Extensions/AppleIntelBDWGraphicsGLDriver.bundle/Contents/MacOS/AppleIntelBDWGraphicsGLDriver
0x00007fff46dca000 	/System/Library/PrivateFrameworks/GPUSupport.framework/Versions/A/Libraries/libGPUSupportMercury.dylib
0x00007fff6cdc4000 	/System/Library/Frameworks/OpenGL.framework/Versions/A/Resources/GLRendererFloat.bundle/GLRendererFloat
0x00007fff2b8c6000 	/System/Library/PrivateFrameworks/login.framework/Versions/A/login

VM Arguments:
jvm_args: -Dfile.encoding=UTF-8 -Duser.country=VN -Duser.language=en -Duser.variant 
java_command: com.mygdx.game.desktop.DesktopLauncher
java_class_path (initial): /Users/tuyen/Desktop/libgdx/3-link/desktop/build/classes/java/main:/Users/tuyen/Desktop/libgdx/3-link/desktop/build/resources/main:/Users/tuyen/Desktop/libgdx/3-link/core/build/libs/core-1.0.jar:/Users/tuyen/.gradle/caches/modules-2/files-2.1/com.badlogicgames.gdx/gdx-backend-lwjgl/1.9.8/b7c138f14ed67ad830ae7597da3d86ae02b20eee/gdx-backend-lwjgl-1.9.8.jar:/Users/tuyen/.gradle/caches/modules-2/files-2.1/com.badlogicgames.gdx/gdx-platform/1.9.8/604a2ef2c7c92a5900114757cbd3fb4dcbb8270c/gdx-platform-1.9.8-natives-desktop.jar:/Users/tuyen/.gradle/caches/modules-2/files-2.1/com.badlogicgames.gdx/gdx-ai/1.8.2/ab75d2ce80ab1b1ce6828a15dc0f417abac4c674/gdx-ai-1.8.2.jar:/Users/tuyen/.gradle/caches/modules-2/files-2.1/de.golfgl.gdxpushmessages/gdx-pushmessages-core/1.0.0/42aafe77f57343de34737de03831fa86dfdfcffe/gdx-pushmessages-core-1.0.0.jar:/Users/tuyen/.gradle/caches/modules-2/files-2.1/com.badlogicgames.gdx/gdx/1.9.8/a35a0076fbce873f9c2d5a1a1c8066244231bb3c/gdx-1.9.8.jar:/Users/tuyen/.gradle/caches/modules-2/files-2.1/org.lwjgl.lwjgl/lwjgl_util/2.9.2/4b9e37300a87799856e0bd15ed81663cdb6b0947/lwjgl_util-2.9.2.jar:/Users/tuyen/.gradle/caches/modules-2/files-2.1/org.lwjgl.lwjgl/lwjgl/2.9.2/a9d80fe5935c7a9149f6584d9777cfd471f65489/lwjgl-2.9.2.jar:/Users/tuyen/.gradle/caches/modules-2/files-2.1/com.badlogicgames.jlayer/jlayer/1.0.1-gdx/7cca83cec5c1b2f011362f4d85aabd71a73b049d/jlayer-1.0.1-gdx.jar:/Users/tuyen/.gradle/caches/modules-2/files-2.1/org.jcraft/jorbis/0.0.17/8872d22b293e8f5d7d56ff92be966e6dc28ebdc6/jorbis-0.0.17.jar:/Users/tuyen/.gradle/caches/modules-2/files-2.1/org.lwjgl.lwjgl/lwjgl-platform/2.9.2/510c7d317f5e9e700b9cfaac5fd38bdebf0702e0/lwjgl-platform-2.9.2-natives-windows.jar:/Users/tuyen/.gradle/caches/modules-2/files-2.1/org.lwjgl.lwjgl/lwjgl-platform/2.9.2/d276cdf61fe2b516c7b7f4aa1b8dea91dbdc8d56/lwjgl-platform-2.9.2-natives-linux.jar:/Users/tuyen/.gradle/caches/modules-2/files-2.1/org.lwjgl.lwjgl/lwjgl-platform/2.9.2/d55b46b40b40249d
Launcher Type: SUN_STANDARD

Environment Variables:
PATH=/usr/local/bin:/usr/bin:/bin:/usr/sbin:/sbin
SHELL=/bin/zsh

Signal Handlers:
SIGSEGV: [libjvm.dylib+0x565c43], sa_mask[0]=11111111011111110111111111111111, sa_flags=SA_ONSTACK|SA_RESTART|SA_SIGINFO
SIGBUS: [libjvm.dylib+0x565c43], sa_mask[0]=11111111011111110111111111111111, sa_flags=SA_RESTART|SA_SIGINFO
SIGFPE: [libjvm.dylib+0x45dd9d], sa_mask[0]=11111111011111110111111111111111, sa_flags=SA_RESTART|SA_SIGINFO
SIGPIPE: [libjvm.dylib+0x45dd9d], sa_mask[0]=11111111011111110111111111111111, sa_flags=SA_RESTART|SA_SIGINFO
SIGXFSZ: [libjvm.dylib+0x45dd9d], sa_mask[0]=11111111011111110111111111111111, sa_flags=SA_RESTART|SA_SIGINFO
SIGILL: [libjvm.dylib+0x45dd9d], sa_mask[0]=11111111011111110111111111111111, sa_flags=SA_RESTART|SA_SIGINFO
SIGUSR1: SIG_DFL, sa_mask[0]=00000000000000000000000000000000, sa_flags=none
SIGUSR2: [libjvm.dylib+0x45e69c], sa_mask[0]=00100000000000000000000000000000, sa_flags=SA_RESTART|SA_SIGINFO
SIGHUP: [libjvm.dylib+0x45c8c1], sa_mask[0]=11111111011111110111111111111111, sa_flags=SA_RESTART|SA_SIGINFO
SIGINT: [libjvm.dylib+0x45c8c1], sa_mask[0]=11111111011111110111111111111111, sa_flags=SA_RESTART|SA_SIGINFO
SIGTERM: [libjvm.dylib+0x45c8c1], sa_mask[0]=11111111011111110111111111111111, sa_flags=SA_RESTART|SA_SIGINFO
SIGQUIT: [libjvm.dylib+0x45c8c1], sa_mask[0]=11111111011111110111111111111111, sa_flags=SA_RESTART|SA_SIGINFO


---------------  S Y S T E M  ---------------

OS:Bsduname:Darwin 20.3.0 Darwin Kernel Version 20.3.0: Thu Jan 21 00:07:06 PST 2021; root:xnu-7195.81.3~1/RELEASE_X86_64 x86_64
rlimit: STACK 8192k, CORE 0k, NPROC 1392, NOFILE 10240, AS infinity
load average:9.07 4.72 4.38

CPU:total 4 (initial active 4) (2 cores per cpu, 2 threads per core) family 6 model 61 stepping 4, cmov, cx8, fxsr, mmx, sse, sse2, sse3, ssse3, sse4.1, sse4.2, popcnt, avx, avx2, aes, clmul, erms, 3dnowpref, lzcnt, ht, tsc, tscinvbit, bmi1, bmi2, adx

Memory: 4k page, physical 8388608k(36460k free)

/proc/meminfo:


vm_info: OpenJDK 64-Bit Server VM (25.242-b3-6915495) for bsd-amd64 JRE (1.8.0_242-release-1644-b3-6915495), built by "android-build" with gcc 4.2.1 Compatible Android (5484270 based on r353983c) Clang 9.0.3 (https://android.googlesource.com/toolchain/clang 745b335211bb9eadfa6aa6301f84715cee4b37c5) (https://android.googlesource.com/toolchain/llvm 60cf23e54e46c807513f7a36d0a7b777920b5881)

time: Mon Apr 12 17:21:54 2021
timezone: +07
elapsed time: 2 seconds (0d 0h 0m 2s)

