#
# A fatal error has been detected by the Java Runtime Environment:
#
#  SIGSEGV (0xb) at pc=0x0000000000000000, pid=1898, tid=0x0000000000010907
#
# JRE version: OpenJDK Runtime Environment (8.0_152-b01) (build 1.8.0_152-release-1343-b01)
# Java VM: OpenJDK 64-Bit Server VM (25.152-b01 mixed mode bsd-amd64 compressed oops)
# Problematic frame:
# C  0x0000000000000000
#
# Failed to write core dump. Core dumps have been disabled. To enable core dumping, try "ulimit -c unlimited" before starting Java again
#
# If you would like to submit a bug report, please visit:
#   http://bugreport.java.com/bugreport/crash.jsp
#

---------------  T H R E A D  ---------------

Current thread is native thread

siginfo: si_signo: 11 (SIGSEGV), si_code: 1 (SEGV_MAPERR), si_addr: 0x0000000000000000

Registers:
RAX=0x0000000126c44508, RBX=0x00000000000161b0, RCX=0x0000000000000010, RDX=0xfffffffffffffff0
RSP=0x00007000040759e8, RBP=0x0000700004075a90, RSI=0x0000000000000000, RDI=0x00007fe8d317c000
R8 =0x0000000000000200, R9 =0x00007fe8d2c59840, R10=0x00007fe8d3143628, R11=0x0000000000000520
R12=0x0000000000000200, R13=0x00007fe8d317c000, R14=0x00007fe8d2c59320, R15=0x0000000000000800
RIP=0x0000000000000000, EFLAGS=0x0000000000010246, ERR=0x0000000000000014
  TRAPNO=0x000000000000000e

Top of Stack: (sp=0x00007000040759e8)
0x00007000040759e8:   0000000126c16639 000000010a1f1000
0x00007000040759f8:   0000000000000001 00007fe8d31841b0
0x0000700004075a08:   0000000124951010 00007fe8d31821b0
0x0000700004075a18:   00000200a8d1d50a 0000000000000000
0x0000700004075a28:   0000000000000800 0000000000000200
0x0000700004075a38:   00007fe8d31801b0 00007fe8d317c000
0x0000700004075a48:   0000020000000000 0000000000000003
0x0000700004075a58:   000000000000037f 7ac052a7e6a90035
0x0000700004075a68:   00007fe8d2d70c10 0000000000000200
0x0000700004075a78:   00007fe8d2d70f38 00007fe8d2c59320
0x0000700004075a88:   00007fe8d2c59840 0000700004075aa0
0x0000700004075a98:   0000000126c262ef 0000700004075b20
0x0000700004075aa8:   0000000126c6d1f9 000000010a1f1000
0x0000700004075ab8:   00007fe8d2d70c88 00007fe8d3143400
0x0000700004075ac8:   00007fe8d31435f8 00007fe8d2d70c10
0x0000700004075ad8:   0000000000000001 0000700004075c58
0x0000700004075ae8:   0000700004075c38 0000020000000000
0x0000700004075af8:   0000700004075c38 00007fe8d3143400
0x0000700004075b08:   00007fe8d2d70ec0 00007fe8d2f4d0a0
0x0000700004075b18:   0000000000000200 0000700004075b70
0x0000700004075b28:   0000000126d7a084 0000700004075c10
0x0000700004075b38:   0000700004075c58 0000000004075b60
0x0000700004075b48:   0000000000000000 00007fe8d3143400
0x0000700004075b58:   0000000000000000 0000000000000200
0x0000700004075b68:   00007fe8d2f4d0a0 0000700004075be0
0x0000700004075b78:   0000000126d79d84 00007fe8d2f4d0a0
0x0000700004075b88:   00007fe8d2d70ec0 0000700004075c38
0x0000700004075b98:   00007fe8d2f4d0a0 00001fa0abcdddc1
0x0000700004075ba8:   0000700004075c58 00009fe000000000
0x0000700004075bb8:   00007fe8d3143400 00007fe8d2f4d0a0
0x0000700004075bc8:   00007fe8d2f4c780 0000000000000200
0x0000700004075bd8:   0000000000000200 0000700004075cd0 

Instructions: (pc=0x0000000000000000)
0xffffffffffffffe0:   

Register to memory mapping:

RAX=0x0000000126c44508: PlaybackBackend+0x20 in /var/folders/bn/k93dx67d2gxcq9dp7lvk90xh0000gn/T/libgdxdungle/f7649394/openal.dylib at 0x0000000126bfb000
RBX=0x00000000000161b0 is an unknown value
RCX=0x0000000000000010 is an unknown value
RDX=0xfffffffffffffff0 is an unknown value
RSP=0x00007000040759e8 is an unknown value
RBP=0x0000700004075a90 is an unknown value
RSI=0x0000000000000000 is an unknown value
RDI=0x00007fe8d317c000 is an unknown value
R8 =0x0000000000000200 is an unknown value
R9 =0x00007fe8d2c59840 is an unknown value
R10=0x00007fe8d3143628 is an unknown value
R11=0x0000000000000520 is an unknown value
R12=0x0000000000000200 is an unknown value
R13=0x00007fe8d317c000 is an unknown value
R14=0x00007fe8d2c59320 is an unknown value
R15=0x0000000000000800 is an unknown value


Stack: [0x0000700003ff6000,0x0000700004076000],  sp=0x00007000040759e8,  free space=510k

---------------  P R O C E S S  ---------------

VM state:at safepoint (shutting down)

VM Mutex/Monitor currently owned by a thread:  ([mutex/lock_event])
[0x00007fe8d2c08ee0] Threads_lock - owner thread: 0x00007fe8d380e800

Heap:
 PSYoungGen      total 38400K, used 34778K [0x0000000795580000, 0x0000000798000000, 0x00000007c0000000)
  eden space 33280K, 96% used [0x0000000795580000,0x00000007974b8f30,0x0000000797600000)
  from space 5120K, 54% used [0x0000000797600000,0x00000007978bdc88,0x0000000797b00000)
  to   space 5120K, 0% used [0x0000000797b00000,0x0000000797b00000,0x0000000798000000)
 ParOldGen       total 87552K, used 3057K [0x0000000740000000, 0x0000000745580000, 0x0000000795580000)
  object space 87552K, 3% used [0x0000000740000000,0x00000007402fc598,0x0000000745580000)
 Metaspace       used 16830K, capacity 17053K, committed 17408K, reserved 1064960K
  class space    used 1687K, capacity 1783K, committed 1792K, reserved 1048576K

Card table byte_map: [0x000000011adc0000,0x000000011b1c1000] byte_map_base: 0x00000001173c0000

Marking Bits: (ParMarkBitMap*) 0x000000010aa7e8f8
 Begin Bits: [0x000000011b46c000, 0x000000011d46c000)
 End Bits:   [0x000000011d46c000, 0x000000011f46c000)

Polling page: 0x000000010ad2e000

CodeCache: size=245760Kb used=5791Kb max_used=6417Kb free=239968Kb
 bounds [0x000000010ba00000, 0x000000010c070000, 0x000000011aa00000]
 total_blobs=2205 nmethods=1640 adapters=479
 compilation: enabled

Compilation events (10 events):
Event: 1826.042 Thread 0x00007fe8d38f6800 1884       3       java.util.IdentityHashMap$ValueIterator::<init> (6 bytes)
Event: 1826.043 Thread 0x00007fe8d38f6800 nmethod 1884 0x000000010bb26bd0 code [0x000000010bb26d40, 0x000000010bb26fa8]
Event: 1826.048 Thread 0x00007fe8d38f6800 1885       3       java.util.IdentityHashMap$ValueIterator::<init> (12 bytes)
Event: 1826.048 Thread 0x00007fe8d38f6800 nmethod 1885 0x000000010be00850 code [0x000000010be009c0, 0x000000010be00bc8]
Event: 1826.060 Thread 0x00007fe8d38f6800 1886       3       java.util.IdentityHashMap$IdentityHashMapIterator::<init> (6 bytes)
Event: 1826.060 Thread 0x00007fe8d38f6800 nmethod 1886 0x000000010bf52ad0 code [0x000000010bf52c40, 0x000000010bf52dc8]
Event: 1826.066 Thread 0x00007fe8d38f6800 1887       3       java.util.IdentityHashMap$IdentityHashMapIterator::<init> (63 bytes)
Event: 1826.068 Thread 0x00007fe8d38f6800 nmethod 1887 0x000000010bb33310 code [0x000000010bb33480, 0x000000010bb33710]
Event: 1826.072 Thread 0x00007fe8d38f6800 1888       3       java.util.IdentityHashMap$IdentityHashMapIterator::hasNext (50 bytes)
Event: 1826.073 Thread 0x00007fe8d38f6800 nmethod 1888 0x000000010bdac4d0 code [0x000000010bdac640, 0x000000010bdac8d0]

GC Heap History (10 events):
Event: 3.646 GC heap before
{Heap before GC invocations=4 (full 2):
 PSYoungGen      total 38400K, used 1124K [0x0000000795580000, 0x0000000798000000, 0x00000007c0000000)
  eden space 33280K, 0% used [0x0000000795580000,0x0000000795580000,0x0000000797600000)
  from space 5120K, 21% used [0x0000000797b00000,0x0000000797c19330,0x0000000798000000)
  to   space 5120K, 0% used [0x0000000797600000,0x0000000797600000,0x0000000797b00000)
 ParOldGen       total 87552K, used 3388K [0x0000000740000000, 0x0000000745580000, 0x0000000795580000)
  object space 87552K, 3% used [0x0000000740000000,0x000000074034f368,0x0000000745580000)
 Metaspace       used 10999K, capacity 11149K, committed 11392K, reserved 1058816K
  class space    used 1092K, capacity 1147K, committed 1152K, reserved 1048576K
Event: 3.673 GC heap after
Heap after GC invocations=4 (full 2):
 PSYoungGen      total 38400K, used 0K [0x0000000795580000, 0x0000000798000000, 0x00000007c0000000)
  eden space 33280K, 0% used [0x0000000795580000,0x0000000795580000,0x0000000797600000)
  from space 5120K, 0% used [0x0000000797b00000,0x0000000797b00000,0x0000000798000000)
  to   space 5120K, 0% used [0x0000000797600000,0x0000000797600000,0x0000000797b00000)
 ParOldGen       total 87552K, used 3041K [0x0000000740000000, 0x0000000745580000, 0x0000000795580000)
  object space 87552K, 3% used [0x0000000740000000,0x00000007402f8570,0x0000000745580000)
 Metaspace       used 10999K, capacity 11149K, committed 11392K, reserved 1058816K
  class space    used 1092K, capacity 1147K, committed 1152K, reserved 1048576K
}
Event: 3.673 GC heap before
{Heap before GC invocations=5 (full 2):
 PSYoungGen      total 38400K, used 446K [0x0000000795580000, 0x0000000798000000, 0x00000007c0000000)
  eden space 33280K, 1% used [0x0000000795580000,0x00000007955ef860,0x0000000797600000)
  from space 5120K, 0% used [0x0000000797b00000,0x0000000797b00000,0x0000000798000000)
  to   space 5120K, 0% used [0x0000000797600000,0x0000000797600000,0x0000000797b00000)
 ParOldGen       total 87552K, used 3041K [0x0000000740000000, 0x0000000745580000, 0x0000000795580000)
  object space 87552K, 3% used [0x0000000740000000,0x00000007402f8570,0x0000000745580000)
 Metaspace       used 11000K, capacity 11149K, committed 11392K, reserved 1058816K
  class space    used 1092K, capacity 1147K, committed 1152K, reserved 1048576K
Event: 3.674 GC heap after
Heap after GC invocations=5 (full 2):
 PSYoungGen      total 38400K, used 32K [0x0000000795580000, 0x0000000798000000, 0x00000007c0000000)
  eden space 33280K, 0% used [0x0000000795580000,0x0000000795580000,0x0000000797600000)
  from space 5120K, 0% used [0x0000000797600000,0x0000000797608000,0x0000000797b00000)
  to   space 5120K, 0% used [0x0000000797b00000,0x0000000797b00000,0x0000000798000000)
 ParOldGen       total 87552K, used 3041K [0x0000000740000000, 0x0000000745580000, 0x0000000795580000)
  object space 87552K, 3% used [0x0000000740000000,0x00000007402f8570,0x0000000745580000)
 Metaspace       used 11000K, capacity 11149K, committed 11392K, reserved 1058816K
  class space    used 1092K, capacity 1147K, committed 1152K, reserved 1048576K
}
Event: 3.674 GC heap before
{Heap before GC invocations=6 (full 3):
 PSYoungGen      total 38400K, used 32K [0x0000000795580000, 0x0000000798000000, 0x00000007c0000000)
  eden space 33280K, 0% used [0x0000000795580000,0x0000000795580000,0x0000000797600000)
  from space 5120K, 0% used [0x0000000797600000,0x0000000797608000,0x0000000797b00000)
  to   space 5120K, 0% used [0x0000000797b00000,0x0000000797b00000,0x0000000798000000)
 ParOldGen       total 87552K, used 3041K [0x0000000740000000, 0x0000000745580000, 0x0000000795580000)
  object space 87552K, 3% used [0x0000000740000000,0x00000007402f8570,0x0000000745580000)
 Metaspace       used 11000K, capacity 11149K, committed 11392K, reserved 1058816K
  class space    used 1092K, capacity 1147K, committed 1152K, reserved 1048576K
Event: 3.682 GC heap after
Heap after GC invocations=6 (full 3):
 PSYoungGen      total 38400K, used 0K [0x0000000795580000, 0x0000000798000000, 0x00000007c0000000)
  eden space 33280K, 0% used [0x0000000795580000,0x0000000795580000,0x0000000797600000)
  from space 5120K, 0% used [0x0000000797600000,0x0000000797600000,0x0000000797b00000)
  to   space 5120K, 0% used [0x0000000797b00000,0x0000000797b00000,0x0000000798000000)
 ParOldGen       total 87552K, used 3041K [0x0000000740000000, 0x0000000745580000, 0x0000000795580000)
  object space 87552K, 3% used [0x0000000740000000,0x00000007402f8598,0x0000000745580000)
 Metaspace       used 11000K, capacity 11149K, committed 11392K, reserved 1058816K
  class space    used 1092K, capacity 1147K, committed 1152K, reserved 1048576K
}
Event: 198.044 GC heap before
{Heap before GC invocations=7 (full 3):
 PSYoungGen      total 38400K, used 33280K [0x0000000795580000, 0x0000000798000000, 0x00000007c0000000)
  eden space 33280K, 100% used [0x0000000795580000,0x0000000797600000,0x0000000797600000)
  from space 5120K, 0% used [0x0000000797600000,0x0000000797600000,0x0000000797b00000)
  to   space 5120K, 0% used [0x0000000797b00000,0x0000000797b00000,0x0000000798000000)
 ParOldGen       total 87552K, used 3041K [0x0000000740000000, 0x0000000745580000, 0x0000000795580000)
  object space 87552K, 3% used [0x0000000740000000,0x00000007402f8598,0x0000000745580000)
 Metaspace       used 16771K, capacity 17053K, committed 17408K, reserved 1064960K
  class space    used 1685K, capacity 1783K, committed 1792K, reserved 1048576K
Event: 198.063 GC heap after
Heap after GC invocations=7 (full 3):
 PSYoungGen      total 38400K, used 3746K [0x0000000795580000, 0x0000000798000000, 0x00000007c0000000)
  eden space 33280K, 0% used [0x0000000795580000,0x0000000795580000,0x0000000797600000)
  from space 5120K, 73% used [0x0000000797b00000,0x0000000797ea8968,0x0000000798000000)
  to   space 5120K, 0% used [0x0000000797600000,0x0000000797600000,0x0000000797b00000)
 ParOldGen       total 87552K, used 3049K [0x0000000740000000, 0x0000000745580000, 0x0000000795580000)
  object space 87552K, 3% used [0x0000000740000000,0x00000007402fa598,0x0000000745580000)
 Metaspace       used 16771K, capacity 17053K, committed 17408K, reserved 1064960K
  class space    used 1685K, capacity 1783K, committed 1792K, reserved 1048576K
}
Event: 1085.448 GC heap before
{Heap before GC invocations=8 (full 3):
 PSYoungGen      total 38400K, used 37026K [0x0000000795580000, 0x0000000798000000, 0x00000007c0000000)
  eden space 33280K, 100% used [0x0000000795580000,0x0000000797600000,0x0000000797600000)
  from space 5120K, 73% used [0x0000000797b00000,0x0000000797ea8968,0x0000000798000000)
  to   space 5120K, 0% used [0x0000000797600000,0x0000000797600000,0x0000000797b00000)
 ParOldGen       total 87552K, used 3049K [0x0000000740000000, 0x0000000745580000, 0x0000000795580000)
  object space 87552K, 3% used [0x0000000740000000,0x00000007402fa598,0x0000000745580000)
 Metaspace       used 16790K, capacity 17053K, committed 17408K, reserved 1064960K
  class space    used 1685K, capacity 1783K, committed 1792K, reserved 1048576K
Event: 1085.482 GC heap after
Heap after GC invocations=8 (full 3):
 PSYoungGen      total 38400K, used 2807K [0x0000000795580000, 0x0000000798000000, 0x00000007c0000000)
  eden space 33280K, 0% used [0x0000000795580000,0x0000000795580000,0x0000000797600000)
  from space 5120K, 54% used [0x0000000797600000,0x00000007978bdc88,0x0000000797b00000)
  to   space 5120K, 0% used [0x0000000797b00000,0x0000000797b00000,0x0000000798000000)
 ParOldGen       total 87552K, used 3057K [0x0000000740000000, 0x0000000745580000, 0x0000000795580000)
  object space 87552K, 3% used [0x0000000740000000,0x00000007402fc598,0x0000000745580000)
 Metaspace       used 16790K, capacity 17053K, committed 17408K, reserved 1064960K
  class space    used 1685K, capacity 1783K, committed 1792K, reserved 1048576K
}

Deoptimization events (10 events):
Event: 9.246 Thread 0x00007fe8d31ba000 Uncommon trap: reason=unstable_if action=reinterpret pc=0x000000010beffa64 method=com.badlogic.gdx.scenes.scene2d.Actor.parentToLocalCoordinates(Lcom/badlogic/gdx/math/Vector2;)Lcom/badlogic/gdx/math/Vector2; @ 37
Event: 9.451 Thread 0x00007fe8d31ba000 Uncommon trap: reason=class_check action=maybe_recompile pc=0x000000010bee7b28 method=com.badlogic.gdx.scenes.scene2d.Actor.act(F)V @ 52
Event: 9.462 Thread 0x00007fe8d31ba000 Uncommon trap: reason=class_check action=maybe_recompile pc=0x000000010bee7b28 method=com.badlogic.gdx.scenes.scene2d.Actor.act(F)V @ 52
Event: 9.479 Thread 0x00007fe8d31ba000 Uncommon trap: reason=class_check action=maybe_recompile pc=0x000000010bee7b28 method=com.badlogic.gdx.scenes.scene2d.Actor.act(F)V @ 52
Event: 9.497 Thread 0x00007fe8d31ba000 Uncommon trap: reason=class_check action=maybe_recompile pc=0x000000010bee7b28 method=com.badlogic.gdx.scenes.scene2d.Actor.act(F)V @ 52
Event: 9.505 Thread 0x00007fe8d42c8800 Uncommon trap: reason=unstable_if action=reinterpret pc=0x000000010bcfe4f4 method=sun.nio.cs.UTF_8$Decoder.decodeArrayLoop(Ljava/nio/ByteBuffer;Ljava/nio/CharBuffer;)Ljava/nio/charset/CoderResult; @ 84
Event: 9.931 Thread 0x00007fe8d31ba000 Uncommon trap: reason=unstable_if action=reinterpret pc=0x000000010bf6dff8 method=com.badlogic.gdx.scenes.scene2d.Actor.act(F)V @ 63
Event: 15.798 Thread 0x00007fe8d31ba000 Uncommon trap: reason=class_check action=maybe_recompile pc=0x000000010bfe08bc method=java.util.HashMap.putVal(ILjava/lang/Object;Ljava/lang/Object;ZZ)Ljava/lang/Object; @ 203
Event: 15.799 Thread 0x00007fe8d31ba000 Uncommon trap: reason=class_check action=maybe_recompile pc=0x000000010bfe08bc method=java.util.HashMap.putVal(ILjava/lang/Object;Ljava/lang/Object;ZZ)Ljava/lang/Object; @ 203
Event: 15.800 Thread 0x00007fe8d31ba000 Uncommon trap: reason=class_check action=maybe_recompile pc=0x000000010bd9a510 method=java.util.HashMap.putVal(ILjava/lang/Object;Ljava/lang/Object;ZZ)Ljava/lang/Object; @ 203

Classes redefined (0 events):
No events

Internal exceptions (10 events):
Event: 1.137 Thread 0x00007fe8d3005000 Exception <a 'java/io/FileNotFoundException'> (0x0000000795d91860) thrown at [/Volumes/android/AOSP-openjdk-git/jdk8u/hotspot/src/share/vm/prims/jni.cpp, line 709]
Event: 1.138 Thread 0x00007fe8d3005000 Exception <a 'java/io/FileNotFoundException'> (0x0000000795d923a8) thrown at [/Volumes/android/AOSP-openjdk-git/jdk8u/hotspot/src/share/vm/prims/jni.cpp, line 709]
Event: 1.167 Thread 0x00007fe8d3005000 Exception <a 'java/security/PrivilegedActionException'> (0x0000000795de3ed0) thrown at [/Volumes/android/AOSP-openjdk-git/jdk8u/hotspot/src/share/vm/prims/jvm.cpp, line 1390]
Event: 1.168 Thread 0x00007fe8d3005000 Exception <a 'java/security/PrivilegedActionException'> (0x0000000795de5ab8) thrown at [/Volumes/android/AOSP-openjdk-git/jdk8u/hotspot/src/share/vm/prims/jvm.cpp, line 1390]
Event: 1.168 Thread 0x00007fe8d3005000 Exception <a 'java/security/PrivilegedActionException'> (0x0000000795de6bd8) thrown at [/Volumes/android/AOSP-openjdk-git/jdk8u/hotspot/src/share/vm/prims/jvm.cpp, line 1390]
Event: 1.168 Thread 0x00007fe8d3005000 Exception <a 'java/security/PrivilegedActionException'> (0x0000000795dec0d0) thrown at [/Volumes/android/AOSP-openjdk-git/jdk8u/hotspot/src/share/vm/prims/jvm.cpp, line 1390]
Event: 1.169 Thread 0x00007fe8d3005000 Exception <a 'java/security/PrivilegedActionException'> (0x0000000795decd28) thrown at [/Volumes/android/AOSP-openjdk-git/jdk8u/hotspot/src/share/vm/prims/jvm.cpp, line 1390]
Event: 1.169 Thread 0x00007fe8d3005000 Exception <a 'java/security/PrivilegedActionException'> (0x0000000795ded950) thrown at [/Volumes/android/AOSP-openjdk-git/jdk8u/hotspot/src/share/vm/prims/jvm.cpp, line 1390]
Event: 3.870 Thread 0x00007fe8d31ba000 Exception <a 'java/lang/NullPointerException'> (0x0000000795e5cb18) thrown at [/Volumes/android/AOSP-openjdk-git/jdk8u/hotspot/src/share/vm/interpreter/linkResolver.cpp, line 1199]
Event: 4.113 Thread 0x00007fe8d42c8800 Implicit null exception at 0x000000010be68e78 to 0x000000010be68fb5

Events (10 events):
Event: 1898.903 loading class sun/misc/Signal$1 done
Event: 1898.912 Thread 0x00007fe8d3037000 Thread added: 0x00007fe8d3037000
Event: 1898.920 loading class java/util/IdentityHashMap$KeySet
Event: 1898.968 loading class java/util/IdentityHashMap$KeySet done
Event: 1898.972 loading class java/util/IdentityHashMap$KeyIterator
Event: 1898.975 loading class java/util/IdentityHashMap$KeyIterator done
Event: 1898.975 Thread 0x00007fe8d495e800 Thread added: 0x00007fe8d495e800
Event: 1899.001 Thread 0x00007fe8d4167800 Thread added: 0x00007fe8d4167800
Event: 1899.003 Thread 0x00007fe8d495e800 Thread exited: 0x00007fe8d495e800
Event: 1899.009 Executing VM operation: Exit


Dynamic libraries:
0x000000001df9a000 	/System/Library/Frameworks/Cocoa.framework/Versions/A/Cocoa
0x000000001df9a000 	/System/Library/Frameworks/Security.framework/Versions/A/Security
0x000000001df9a000 	/System/Library/Frameworks/ApplicationServices.framework/Versions/A/ApplicationServices
0x000000001df9a000 	/usr/lib/libz.1.dylib
0x000000001df9a000 	/usr/lib/libSystem.B.dylib
0x000000001df9a000 	/System/Library/Frameworks/CoreFoundation.framework/Versions/A/CoreFoundation
0x000000001df9a000 	/System/Library/Frameworks/Foundation.framework/Versions/C/Foundation
0x000000001df9a000 	/usr/lib/libobjc.A.dylib
0x000000001df9a000 	/System/Library/Frameworks/AppKit.framework/Versions/C/AppKit
0x000000001df9a000 	/System/Library/Frameworks/CoreData.framework/Versions/A/CoreData
0x000000001df9a000 	/System/Library/PrivateFrameworks/RemoteViewServices.framework/Versions/A/RemoteViewServices
0x000000001df9a000 	/System/Library/PrivateFrameworks/UIFoundation.framework/Versions/A/UIFoundation
0x000000001df9a000 	/System/Library/PrivateFrameworks/DFRFoundation.framework/Versions/A/DFRFoundation
0x000000001df9a000 	/usr/lib/libenergytrace.dylib
0x000000001df9a000 	/System/Library/PrivateFrameworks/SkyLight.framework/Versions/A/SkyLight
0x000000001df9a000 	/System/Library/Frameworks/CoreGraphics.framework/Versions/A/CoreGraphics
0x000000001df9a000 	/usr/lib/libScreenReader.dylib
0x000000001df9a000 	/System/Library/Frameworks/Accelerate.framework/Versions/A/Accelerate
0x000000001df9a000 	/System/Library/Frameworks/IOSurface.framework/Versions/A/IOSurface
0x000000001df9a000 	/System/Library/Frameworks/AudioToolbox.framework/Versions/A/AudioToolbox
0x000000001df9a000 	/System/Library/Frameworks/AudioUnit.framework/Versions/A/AudioUnit
0x000000001df9a000 	/System/Library/PrivateFrameworks/DataDetectorsCore.framework/Versions/A/DataDetectorsCore
0x000000001df9a000 	/System/Library/PrivateFrameworks/DesktopServicesPriv.framework/Versions/A/DesktopServicesPriv
0x000000001df9a000 	/System/Library/Frameworks/Carbon.framework/Versions/A/Frameworks/HIToolbox.framework/Versions/A/HIToolbox
0x000000001df9a000 	/usr/lib/libicucore.A.dylib
0x000000001df9a000 	/System/Library/Frameworks/QuartzCore.framework/Versions/A/QuartzCore
0x000000001df9a000 	/System/Library/Frameworks/Carbon.framework/Versions/A/Frameworks/SpeechRecognition.framework/Versions/A/SpeechRecognition
0x000000001df9a000 	/usr/lib/libauto.dylib
0x000000001df9a000 	/usr/lib/libxml2.2.dylib
0x000000001df9a000 	/System/Library/PrivateFrameworks/CoreUI.framework/Versions/A/CoreUI
0x000000001df9a000 	/System/Library/Frameworks/CoreAudio.framework/Versions/A/CoreAudio
0x000000001df9a000 	/System/Library/Frameworks/DiskArbitration.framework/Versions/A/DiskArbitration
0x000000001df9a000 	/usr/lib/liblangid.dylib
0x000000001df9a000 	/System/Library/PrivateFrameworks/MultitouchSupport.framework/Versions/A/MultitouchSupport
0x000000001df9a000 	/System/Library/Frameworks/IOKit.framework/Versions/A/IOKit
0x000000001df9a000 	/usr/lib/libDiagnosticMessagesClient.dylib
0x000000001df9a000 	/System/Library/Frameworks/CoreServices.framework/Versions/A/CoreServices
0x000000001df9a000 	/System/Library/PrivateFrameworks/PerformanceAnalysis.framework/Versions/A/PerformanceAnalysis
0x000000001df9a000 	/System/Library/PrivateFrameworks/GenerationalStorage.framework/Versions/A/GenerationalStorage
0x000000001df9a000 	/System/Library/Frameworks/OpenGL.framework/Versions/A/OpenGL
0x000000001df9a000 	/System/Library/Frameworks/CoreImage.framework/Versions/A/CoreImage
0x000000001df9a000 	/System/Library/Frameworks/CoreText.framework/Versions/A/CoreText
0x000000001df9a000 	/System/Library/Frameworks/ImageIO.framework/Versions/A/ImageIO
0x000000001df9a000 	/System/Library/PrivateFrameworks/Backup.framework/Versions/A/Backup
0x000000001df9a000 	/usr/lib/libarchive.2.dylib
0x000000001df9a000 	/System/Library/Frameworks/CFNetwork.framework/Versions/A/CFNetwork
0x000000001df9a000 	/System/Library/Frameworks/SystemConfiguration.framework/Versions/A/SystemConfiguration
0x000000001df9a000 	/usr/lib/libCRFSuite.dylib
0x000000001df9a000 	/usr/lib/libc++.1.dylib
0x000000001df9a000 	/usr/lib/libc++abi.dylib
0x000000001df9a000 	/usr/lib/system/libcache.dylib
0x000000001df9a000 	/usr/lib/system/libcommonCrypto.dylib
0x000000001df9a000 	/usr/lib/system/libcompiler_rt.dylib
0x000000001df9a000 	/usr/lib/system/libcopyfile.dylib
0x000000001df9a000 	/usr/lib/system/libcorecrypto.dylib
0x000000001df9a000 	/usr/lib/system/libdispatch.dylib
0x000000001df9a000 	/usr/lib/system/libdyld.dylib
0x000000001df9a000 	/usr/lib/system/libkeymgr.dylib
0x000000001df9a000 	/usr/lib/system/liblaunch.dylib
0x000000001df9a000 	/usr/lib/system/libmacho.dylib
0x000000001df9a000 	/usr/lib/system/libquarantine.dylib
0x000000001df9a000 	/usr/lib/system/libremovefile.dylib
0x000000001df9a000 	/usr/lib/system/libsystem_asl.dylib
0x000000001df9a000 	/usr/lib/system/libsystem_blocks.dylib
0x000000001df9a000 	/usr/lib/system/libsystem_c.dylib
0x000000001df9a000 	/usr/lib/system/libsystem_configuration.dylib
0x000000001df9a000 	/usr/lib/system/libsystem_coreservices.dylib
0x000000001df9a000 	/usr/lib/system/libsystem_coretls.dylib
0x000000001df9a000 	/usr/lib/system/libsystem_dnssd.dylib
0x000000001df9a000 	/usr/lib/system/libsystem_info.dylib
0x000000001df9a000 	/usr/lib/system/libsystem_kernel.dylib
0x000000001df9a000 	/usr/lib/system/libsystem_m.dylib
0x000000001df9a000 	/usr/lib/system/libsystem_malloc.dylib
0x000000001df9a000 	/usr/lib/system/libsystem_network.dylib
0x000000001df9a000 	/usr/lib/system/libsystem_networkextension.dylib
0x000000001df9a000 	/usr/lib/system/libsystem_notify.dylib
0x000000001df9a000 	/usr/lib/system/libsystem_platform.dylib
0x000000001df9a000 	/usr/lib/system/libsystem_pthread.dylib
0x000000001df9a000 	/usr/lib/system/libsystem_sandbox.dylib
0x000000001df9a000 	/usr/lib/system/libsystem_secinit.dylib
0x000000001df9a000 	/usr/lib/system/libsystem_symptoms.dylib
0x000000001df9a000 	/usr/lib/system/libsystem_trace.dylib
0x000000001df9a000 	/usr/lib/system/libunwind.dylib
0x000000001df9a000 	/usr/lib/system/libxpc.dylib
0x000000001df9a000 	/usr/lib/libbsm.0.dylib
0x000000001df9a000 	/usr/lib/system/libkxld.dylib
0x000000001df9a000 	/usr/lib/libcoretls.dylib
0x000000001df9a000 	/usr/lib/libcoretls_cfhelpers.dylib
0x000000001df9a000 	/usr/lib/libOpenScriptingUtil.dylib
0x000000001df9a000 	/usr/lib/libpam.2.dylib
0x000000001df9a000 	/usr/lib/libsqlite3.dylib
0x000000001df9a000 	/usr/lib/libxar.1.dylib
0x000000001df9a000 	/usr/lib/libbz2.1.0.dylib
0x000000001df9a000 	/usr/lib/liblzma.5.dylib
0x000000001df9a000 	/usr/lib/libnetwork.dylib
0x000000001df9a000 	/usr/lib/libpcap.A.dylib
0x000000001df9a000 	/System/Library/Frameworks/CoreServices.framework/Versions/A/Frameworks/FSEvents.framework/Versions/A/FSEvents
0x000000001df9a000 	/System/Library/Frameworks/CoreServices.framework/Versions/A/Frameworks/CarbonCore.framework/Versions/A/CarbonCore
0x000000001df9a000 	/System/Library/Frameworks/CoreServices.framework/Versions/A/Frameworks/Metadata.framework/Versions/A/Metadata
0x000000001df9a000 	/System/Library/Frameworks/CoreServices.framework/Versions/A/Frameworks/OSServices.framework/Versions/A/OSServices
0x000000001df9a000 	/System/Library/Frameworks/CoreServices.framework/Versions/A/Frameworks/SearchKit.framework/Versions/A/SearchKit
0x000000001df9a000 	/System/Library/Frameworks/CoreServices.framework/Versions/A/Frameworks/AE.framework/Versions/A/AE
0x000000001df9a000 	/System/Library/Frameworks/CoreServices.framework/Versions/A/Frameworks/LaunchServices.framework/Versions/A/LaunchServices
0x000000001df9a000 	/System/Library/Frameworks/CoreServices.framework/Versions/A/Frameworks/DictionaryServices.framework/Versions/A/DictionaryServices
0x000000001df9a000 	/System/Library/Frameworks/CoreServices.framework/Versions/A/Frameworks/SharedFileList.framework/Versions/A/SharedFileList
0x000000001df9a000 	/System/Library/Frameworks/NetFS.framework/Versions/A/NetFS
0x000000001df9a000 	/System/Library/PrivateFrameworks/NetAuth.framework/Versions/A/NetAuth
0x000000001df9a000 	/System/Library/PrivateFrameworks/login.framework/Versions/A/Frameworks/loginsupport.framework/Versions/A/loginsupport
0x000000001df9a000 	/System/Library/PrivateFrameworks/TCC.framework/Versions/A/TCC
0x000000001df9a000 	/usr/lib/libmecabra.dylib
0x000000001df9a000 	/System/Library/Frameworks/ApplicationServices.framework/Versions/A/Frameworks/ATS.framework/Versions/A/ATS
0x000000001df9a000 	/System/Library/Frameworks/ApplicationServices.framework/Versions/A/Frameworks/ColorSync.framework/Versions/A/ColorSync
0x000000001df9a000 	/System/Library/Frameworks/ApplicationServices.framework/Versions/A/Frameworks/HIServices.framework/Versions/A/HIServices
0x000000001df9a000 	/System/Library/Frameworks/ApplicationServices.framework/Versions/A/Frameworks/LangAnalysis.framework/Versions/A/LangAnalysis
0x000000001df9a000 	/System/Library/Frameworks/ApplicationServices.framework/Versions/A/Frameworks/PrintCore.framework/Versions/A/PrintCore
0x000000001df9a000 	/System/Library/Frameworks/ApplicationServices.framework/Versions/A/Frameworks/QD.framework/Versions/A/QD
0x000000001df9a000 	/System/Library/Frameworks/ApplicationServices.framework/Versions/A/Frameworks/SpeechSynthesis.framework/Versions/A/SpeechSynthesis
0x000000001df9a000 	/System/Library/Frameworks/Accelerate.framework/Versions/A/Frameworks/vImage.framework/Versions/A/vImage
0x000000001df9a000 	/System/Library/Frameworks/Accelerate.framework/Versions/A/Frameworks/vecLib.framework/Versions/A/vecLib
0x000000001df9a000 	/System/Library/Frameworks/Accelerate.framework/Versions/A/Frameworks/vecLib.framework/Versions/A/libvDSP.dylib
0x000000001df9a000 	/System/Library/Frameworks/Accelerate.framework/Versions/A/Frameworks/vecLib.framework/Versions/A/libBNNS.dylib
0x000000001df9a000 	/System/Library/Frameworks/Accelerate.framework/Versions/A/Frameworks/vecLib.framework/Versions/A/libQuadrature.dylib
0x000000001df9a000 	/System/Library/Frameworks/Accelerate.framework/Versions/A/Frameworks/vecLib.framework/Versions/A/libvMisc.dylib
0x000000001df9a000 	/System/Library/Frameworks/Accelerate.framework/Versions/A/Frameworks/vecLib.framework/Versions/A/libLAPACK.dylib
0x000000001df9a000 	/System/Library/Frameworks/Accelerate.framework/Versions/A/Frameworks/vecLib.framework/Versions/A/libBLAS.dylib
0x000000001df9a000 	/System/Library/Frameworks/Accelerate.framework/Versions/A/Frameworks/vecLib.framework/Versions/A/libLinearAlgebra.dylib
0x000000001df9a000 	/System/Library/Frameworks/Accelerate.framework/Versions/A/Frameworks/vecLib.framework/Versions/A/libSparseBLAS.dylib
0x000000001df9a000 	/System/Library/Frameworks/ApplicationServices.framework/Versions/A/Frameworks/ATS.framework/Versions/A/Resources/libFontParser.dylib
0x000000001df9a000 	/System/Library/Frameworks/ApplicationServices.framework/Versions/A/Frameworks/ATS.framework/Versions/A/Resources/libFontRegistry.dylib
0x000000001df9a000 	/System/Library/Frameworks/ImageIO.framework/Versions/A/Resources/libJPEG.dylib
0x000000001df9a000 	/System/Library/Frameworks/ImageIO.framework/Versions/A/Resources/libTIFF.dylib
0x000000001df9a000 	/System/Library/Frameworks/ImageIO.framework/Versions/A/Resources/libPng.dylib
0x000000001df9a000 	/System/Library/Frameworks/ImageIO.framework/Versions/A/Resources/libGIF.dylib
0x000000001df9a000 	/System/Library/Frameworks/ImageIO.framework/Versions/A/Resources/libJP2.dylib
0x000000001df9a000 	/System/Library/Frameworks/ImageIO.framework/Versions/A/Resources/libRadiance.dylib
0x000000001df9a000 	/usr/lib/libcompression.dylib
0x000000001df9a000 	/System/Library/PrivateFrameworks/AppleJPEG.framework/Versions/A/AppleJPEG
0x000000001df9a000 	/usr/lib/libcups.2.dylib
0x000000001df9a000 	/System/Library/Frameworks/Kerberos.framework/Versions/A/Kerberos
0x000000001df9a000 	/System/Library/Frameworks/GSS.framework/Versions/A/GSS
0x000000001df9a000 	/usr/lib/libresolv.9.dylib
0x000000001df9a000 	/usr/lib/libiconv.2.dylib
0x000000001df9a000 	/System/Library/PrivateFrameworks/Heimdal.framework/Versions/A/Heimdal
0x000000001df9a000 	/usr/lib/libheimdal-asn1.dylib
0x000000001df9a000 	/System/Library/Frameworks/OpenDirectory.framework/Versions/A/OpenDirectory
0x000000001df9a000 	/System/Library/PrivateFrameworks/CommonAuth.framework/Versions/A/CommonAuth
0x000000001df9a000 	/System/Library/Frameworks/OpenDirectory.framework/Versions/A/Frameworks/CFOpenDirectory.framework/Versions/A/CFOpenDirectory
0x000000001df9a000 	/System/Library/Frameworks/SecurityFoundation.framework/Versions/A/SecurityFoundation
0x000000001df9a000 	/System/Library/PrivateFrameworks/LanguageModeling.framework/Versions/A/LanguageModeling
0x000000001df9a000 	/usr/lib/libmarisa.dylib
0x000000001df9a000 	/usr/lib/libChineseTokenizer.dylib
0x000000001df9a000 	/usr/lib/libcmph.dylib
0x000000001df9a000 	/System/Library/PrivateFrameworks/CoreEmoji.framework/Versions/A/CoreEmoji
0x000000001df9a000 	/System/Library/Frameworks/ServiceManagement.framework/Versions/A/ServiceManagement
0x000000001df9a000 	/usr/lib/libxslt.1.dylib
0x000000001df9a000 	/System/Library/Frameworks/Carbon.framework/Versions/A/Frameworks/Ink.framework/Versions/A/Ink
0x000000001df9a000 	/System/Library/PrivateFrameworks/TextureIO.framework/Versions/A/TextureIO
0x000000001df9a000 	/System/Library/Frameworks/Metal.framework/Versions/A/Metal
0x000000001df9a000 	/usr/lib/libate.dylib
0x000000001df9a000 	/System/Library/PrivateFrameworks/GPUCompiler.framework/libmetal_timestamp.dylib
0x000000001df9a000 	/System/Library/Frameworks/OpenGL.framework/Versions/A/Libraries/libCoreFSCache.dylib
0x000000001df9a000 	/System/Library/PrivateFrameworks/IOAccelerator.framework/Versions/A/IOAccelerator
0x000000001df9a000 	/System/Library/Frameworks/CoreVideo.framework/Versions/A/CoreVideo
0x000000001df9a000 	/usr/lib/libFosl_dynamic.dylib
0x000000001df9a000 	/System/Library/PrivateFrameworks/MetalPerformanceShaders.framework/Versions/A/MetalPerformanceShaders
0x000000001df9a000 	/System/Library/PrivateFrameworks/FaceCore.framework/Versions/A/FaceCore
0x000000001df9a000 	/System/Library/Frameworks/OpenCL.framework/Versions/A/OpenCL
0x000000001df9a000 	/System/Library/Frameworks/OpenGL.framework/Versions/A/Libraries/libGLU.dylib
0x000000001df9a000 	/System/Library/Frameworks/OpenGL.framework/Versions/A/Libraries/libGFXShared.dylib
0x000000001df9a000 	/System/Library/Frameworks/OpenGL.framework/Versions/A/Libraries/libGL.dylib
0x000000001df9a000 	/System/Library/Frameworks/OpenGL.framework/Versions/A/Libraries/libGLImage.dylib
0x000000001df9a000 	/System/Library/Frameworks/OpenGL.framework/Versions/A/Libraries/libCVMSPluginSupport.dylib
0x000000001df9a000 	/System/Library/Frameworks/OpenGL.framework/Versions/A/Libraries/libCoreVMClient.dylib
0x000000001df9a000 	/System/Library/PrivateFrameworks/CrashReporterSupport.framework/Versions/A/CrashReporterSupport
0x000000001df9a000 	/System/Library/PrivateFrameworks/Sharing.framework/Versions/A/Sharing
0x000000001df9a000 	/System/Library/PrivateFrameworks/IconServices.framework/Versions/A/IconServices
0x000000001df9a000 	/System/Library/PrivateFrameworks/ProtocolBuffer.framework/Versions/A/ProtocolBuffer
0x000000001df9a000 	/System/Library/PrivateFrameworks/Apple80211.framework/Versions/A/Apple80211
0x000000001df9a000 	/System/Library/Frameworks/CoreWLAN.framework/Versions/A/CoreWLAN
0x000000001df9a000 	/System/Library/PrivateFrameworks/CoreUtils.framework/Versions/A/CoreUtils
0x000000001df9a000 	/System/Library/Frameworks/IOBluetooth.framework/Versions/A/IOBluetooth
0x000000001df9a000 	/System/Library/PrivateFrameworks/CoreWiFi.framework/Versions/A/CoreWiFi
0x000000001df9a000 	/System/Library/Frameworks/CoreBluetooth.framework/Versions/A/CoreBluetooth
0x000000001df9a000 	/System/Library/Frameworks/CoreDisplay.framework/Versions/A/CoreDisplay
0x000000001df9a000 	/System/Library/PrivateFrameworks/IOPresentment.framework/Versions/A/IOPresentment
0x000000001df9a000 	/System/Library/PrivateFrameworks/DSExternalDisplay.framework/Versions/A/DSExternalDisplay
0x000000001df9a000 	/System/Library/PrivateFrameworks/DebugSymbols.framework/Versions/A/DebugSymbols
0x000000001df9a000 	/System/Library/PrivateFrameworks/CoreSymbolication.framework/Versions/A/CoreSymbolication
0x000000001df9a000 	/System/Library/PrivateFrameworks/Symbolication.framework/Versions/A/Symbolication
0x000000001df9a000 	/System/Library/PrivateFrameworks/AppleFSCompression.framework/Versions/A/AppleFSCompression
0x000000001df9a000 	/System/Library/PrivateFrameworks/SpeechRecognitionCore.framework/Versions/A/SpeechRecognitionCore
0x000000001df9a000 	/System/Library/PrivateFrameworks/ChunkingLibrary.framework/Versions/A/ChunkingLibrary
0x000000010a252000 	/Applications/Android Studio.app/Contents/jre/jdk/Contents/Home/jre/lib/server/libjvm.dylib
0x000000001df9a000 	/usr/lib/libstdc++.6.dylib
0x000000010acee000 	/Applications/Android Studio.app/Contents/jre/jdk/Contents/Home/jre/lib/libverify.dylib
0x000000010acfa000 	/Applications/Android Studio.app/Contents/jre/jdk/Contents/Home/jre/lib/libjava.dylib
0x000000010ad2f000 	/Applications/Android Studio.app/Contents/jre/jdk/Contents/Home/jre/lib/libinstrument.dylib
0x000000010ad89000 	/Applications/Android Studio.app/Contents/jre/jdk/Contents/Home/jre/lib/libzip.dylib
0x00000001210c4000 	/Applications/Android Studio.app/Contents/jre/jdk/Contents/Home/jre/lib/libnet.dylib
0x0000000121123000 	/private/var/folders/bn/k93dx67d2gxcq9dp7lvk90xh0000gn/T/libgdxdungle/e6d6dca3/libgdx64.dylib
0x0000000121169000 	/Applications/Android Studio.app/Contents/jre/jdk/Contents/Home/jre/lib/libawt.dylib
0x000000012120c000 	/Applications/Android Studio.app/Contents/jre/jdk/Contents/Home/jre/lib/./libmlib_image.dylib
0x00000001212c6000 	/System/Library/Frameworks/JavaVM.framework/Versions/A/Frameworks/JavaNativeFoundation.framework/Versions/A/JavaNativeFoundation
0x00000001212db000 	/System/Library/Frameworks/JavaVM.framework/Versions/A/Frameworks/JavaRuntimeSupport.framework/Versions/A/JavaRuntimeSupport
0x000000010b1f1000 	/System/Library/Frameworks/JavaVM.framework/Versions/A/JavaVM
0x00000001212f5000 	/System/Library/PrivateFrameworks/JavaLaunching.framework/Versions/A/JavaLaunching
0x000000001df9a000 	/System/Library/Frameworks/Carbon.framework/Versions/A/Carbon
0x000000001df9a000 	/System/Library/Frameworks/Carbon.framework/Versions/A/Frameworks/CommonPanels.framework/Versions/A/CommonPanels
0x000000001df9a000 	/System/Library/Frameworks/Carbon.framework/Versions/A/Frameworks/Help.framework/Versions/A/Help
0x000000001df9a000 	/System/Library/Frameworks/Carbon.framework/Versions/A/Frameworks/ImageCapture.framework/Versions/A/ImageCapture
0x000000001df9a000 	/System/Library/Frameworks/Carbon.framework/Versions/A/Frameworks/OpenScripting.framework/Versions/A/OpenScripting
0x000000001df9a000 	/System/Library/Frameworks/Carbon.framework/Versions/A/Frameworks/Print.framework/Versions/A/Print
0x000000001df9a000 	/System/Library/Frameworks/Carbon.framework/Versions/A/Frameworks/SecurityHI.framework/Versions/A/SecurityHI
0x0000000121301000 	/Applications/Android Studio.app/Contents/jre/jdk/Contents/Home/jre/lib/libawt_lwawt.dylib
0x00000001213be000 	/Applications/Android Studio.app/Contents/jre/jdk/Contents/Home/jre/lib/./libosxapp.dylib
0x000000001df9a000 	/System/Library/Frameworks/ExceptionHandling.framework/Versions/A/ExceptionHandling
0x000000001df9a000 	/System/Library/PrivateFrameworks/CoreServicesInternal.framework/Versions/A/CoreServicesInternal
0x000000001df9a000 	/System/Library/CoreServices/RawCamera.bundle/Contents/MacOS/RawCamera
0x000000001df9a000 	/System/Library/Frameworks/Accelerate.framework/Versions/A/Frameworks/vImage.framework/Versions/A/Libraries/libCGInterfaces.dylib
0x000000001df9a000 	/System/Library/Frameworks/ApplicationServices.framework/Versions/A/Frameworks/ATS.framework/Versions/A/Resources/libTrueTypeScaler.dylib
0x000000012495c000 	/System/Library/Frameworks/OpenGL.framework/Resources/GLEngine.bundle/GLEngine
0x000000001df9a000 	/System/Library/Frameworks/OpenGL.framework/Versions/A/Libraries/libGLProgrammability.dylib
0x0000000124b41000 	/System/Library/Extensions/AppleIntelBDWGraphicsGLDriver.bundle/Contents/MacOS/AppleIntelBDWGraphicsGLDriver
0x000000001df9a000 	/System/Library/PrivateFrameworks/GPUSupport.framework/Versions/A/Libraries/libGPUSupportMercury.dylib
0x00000001252ab000 	/System/Library/Frameworks/OpenGL.framework/Resources//GLRendererFloat.bundle/GLRendererFloat
0x000000001df9a000 	/System/Library/Frameworks/OpenCL.framework/Versions/A/Libraries/libcldcpuengine.dylib
0x000000001df9a000 	/usr/lib/libcrypto.0.9.8.dylib
0x000000001df9a000 	/System/Library/PrivateFrameworks/TrustEvaluationAgent.framework/Versions/A/TrustEvaluationAgent
0x00000001252df000 	/System/Library/Extensions/AppleIntelBDWGraphicsMTLDriver.bundle/Contents/MacOS/AppleIntelBDWGraphicsMTLDriver
0x00000001269b5000 	/Applications/Android Studio.app/Contents/jre/jdk/Contents/Home/jre/lib/libfontmanager.dylib
0x0000000126abb000 	/Applications/Android Studio.app/Contents/jre/jdk/Contents/Home/jre/lib/./libfreetype.dylib.6
0x0000000126b79000 	/private/var/folders/bn/k93dx67d2gxcq9dp7lvk90xh0000gn/T/libgdxdungle/f7649394/liblwjgl.dylib
0x0000000123002000 	/Applications/Android Studio.app/Contents/jre/jdk/Contents/Home/jre/lib/libjawt.dylib
0x0000000126bfb000 	/var/folders/bn/k93dx67d2gxcq9dp7lvk90xh0000gn/T/libgdxdungle/f7649394/openal.dylib
0x0000000126c6a000 	/System/Library/Components/CoreAudio.component/Contents/MacOS/CoreAudio
0x00000001244ed000 	/System/Library/Extensions/AppleHDA.kext/Contents/PlugIns/AppleHDAHALPlugIn.bundle/Contents/MacOS/AppleHDAHALPlugIn
0x000000001df9a000 	/System/Library/PrivateFrameworks/ViewBridge.framework/Versions/A/ViewBridge
0x000000001df9a000 	/System/Library/PrivateFrameworks/XPCService.framework/Versions/A/XPCService
0x000000001df9a000 	/System/Library/PrivateFrameworks/AppSandbox.framework/Versions/A/AppSandbox
0x000000001df9a000 	/usr/lib/libsandbox.1.dylib
0x000000001df9a000 	/System/Library/PrivateFrameworks/AppContainer.framework/Versions/A/AppContainer
0x000000001df9a000 	/System/Library/PrivateFrameworks/SecCodeWrapper.framework/Versions/A/SecCodeWrapper
0x000000001df9a000 	/usr/lib/libMatch.1.dylib
0x0000000124866000 	/Applications/Android Studio.app/Contents/jre/jdk/Contents/Home/jre/lib/libsunec.dylib
0x000000012488d000 	/Applications/Android Studio.app/Contents/jre/jdk/Contents/Home/jre/lib/libnio.dylib

VM Arguments:
jvm_args: -javaagent:/Applications/Android Studio.app/Contents/lib/idea_rt.jar=62079:/Applications/Android Studio.app/Contents/bin -Dfile.encoding=UTF-8 
java_command: com.mygdx.game.desktop.DesktopLauncher
java_class_path (initial): /Applications/Android Studio.app/Contents/jre/jdk/Contents/Home/jre/lib/charsets.jar:/Applications/Android Studio.app/Contents/jre/jdk/Contents/Home/jre/lib/ext/cldrdata.jar:/Applications/Android Studio.app/Contents/jre/jdk/Contents/Home/jre/lib/ext/dnsns.jar:/Applications/Android Studio.app/Contents/jre/jdk/Contents/Home/jre/lib/ext/jaccess.jar:/Applications/Android Studio.app/Contents/jre/jdk/Contents/Home/jre/lib/ext/localedata.jar:/Applications/Android Studio.app/Contents/jre/jdk/Contents/Home/jre/lib/ext/nashorn.jar:/Applications/Android Studio.app/Contents/jre/jdk/Contents/Home/jre/lib/ext/sunec.jar:/Applications/Android Studio.app/Contents/jre/jdk/Contents/Home/jre/lib/ext/sunjce_provider.jar:/Applications/Android Studio.app/Contents/jre/jdk/Contents/Home/jre/lib/ext/sunpkcs11.jar:/Applications/Android Studio.app/Contents/jre/jdk/Contents/Home/jre/lib/ext/zipfs.jar:/Applications/Android Studio.app/Contents/jre/jdk/Contents/Home/jre/lib/jce.jar:/Applications/Android Studio.app/Contents/jre/jdk/Contents/Home/jre/lib/jsse.jar:/Applications/Android Studio.app/Contents/jre/jdk/Contents/Home/jre/lib/management-agent.jar:/Applications/Android Studio.app/Contents/jre/jdk/Contents/Home/jre/lib/resources.jar:/Applications/Android Studio.app/Contents/jre/jdk/Contents/Home/jre/lib/rt.jar:/Applications/Android Studio.app/Contents/jre/jdk/Contents/Home/lib/dt.jar:/Applications/Android Studio.app/Contents/jre/jdk/Contents/Home/lib/jconsole.jar:/Applications/Android Studio.app/Contents/jre/jdk/Contents/Home/lib/sa-jdi.jar:/Applications/Android Studio.app/Contents/jre/jdk/Contents/Home/lib/tools.jar:/Users/dungle/Desktop/libgdx/LongLanQuyPhung/desktop/build/classes/java/main:/Users/dungle/Desktop/libgdx/LongLanQuyPhung/core/build/classes/java/main:/Users/dungle/.gradle/caches/modules-2/files-2.1/com.badlogicgames.gdx/gdx/1.9.9/bf26f2f816b3cfe37ac6e66615391c30714b7030/gdx-1.9.9.jar:/Users/dungle/.gradle/caches/modules-2/files-2.1/com.badlogicgames.
