#
# A fatal error has been detected by the Java Runtime Environment:
#
#  SIGSEGV (0xb) at pc=0x00007fff203089bf, pid=1475, tid=0x000000000000d507
#
# JRE version: OpenJDK Runtime Environment (8.0_242) (build 1.8.0_242-release-1644-b3-6915495)
# Java VM: OpenJDK 64-Bit Server VM (25.242-b3-6915495 mixed mode bsd-amd64 compressed oops)
# Problematic frame:
# C  [libobjc.A.dylib+0x79bf]  objc_release+0x1f
#
# Failed to write core dump. Core dumps have been disabled. To enable core dumping, try "ulimit -c unlimited" before starting Java again
#
# If you would like to submit a bug report, please visit:
#   http://bugreport.java.com/bugreport/crash.jsp
# The crash happened outside the Java Virtual Machine in native code.
# See problematic frame for where to report the bug.
#

---------------  T H R E A D  ---------------

Current thread (0x00007f814a239800):  JavaThread "LWJGL Application" [_thread_in_native, id=54535, stack(0x000070000f30e000,0x000070000f40e000)]

siginfo: si_signo: 11 (SIGSEGV), si_code: 1 (SEGV_MAPERR), si_addr: 0x0000000000000028

Registers:
RAX=0x0000000000000008, RBX=0x0000000000000001, RCX=0x0000000000000008, RDX=0x0000000000000005
RSP=0x000070000f40d458, RBP=0x000070000f40d490, RSI=0x00007f8149745420, RDI=0x00007f814947a9f0
R8 =0x00007f8149652460, R9 =0x000000000000000f, R10=0x0000000129caac60, R11=0x00007fff22d4d617
R12=0x00007f814947a9f0, R13=0xa3a3a3a3a3a3a3a3, R14=0x00007f814a2a2070, R15=0x00007f814a2a2000
RIP=0x00007fff203089bf, EFLAGS=0x0000000000010202, ERR=0x0000000000000004
  TRAPNO=0x000000000000000e

Top of Stack: (sp=0x000070000f40d458)
0x000070000f40d458:   00007fff2032639d 0000000000000000
0x000070000f40d468:   00007f814a2a2000 00007f814948a8d0
0x000070000f40d478:   000000011001df68 00007fff7c3e3e8f
0x000070000f40d488:   00007f814a2399e0 000070000f40d4b0
0x000070000f40d498:   00007fff2030933e 0000000000000000
0x000070000f40d4a8:   00007f814a2a2070 000070000f40d4d0
0x000070000f40d4b8:   00007fff205231f0 0000000000000000
0x000070000f40d4c8:   00007f814948a8d0 000070000f40d510
0x000070000f40d4d8:   00007fff212acdfd 00007fff80677588
0x000070000f40d4e8:   0000000000000000 00007f8149495850
0x000070000f40d4f8:   6b7de8dc459e007f 00007f8149731590
0x000070000f40d508:   00007f8149481ac0 000070000f40d540
0x000070000f40d518:   0000000129c82cce 000000011001df70
0x000070000f40d528:   0000000000000000 000070000f40d5d0
0x000070000f40d538:   00007f814a239800 000070000f40d5a8
0x000070000f40d548:   000000011314a407 000070000f40d5a8
0x000070000f40d558:   000000011314a167 000000011314a122
0x000070000f40d568:   000070000f40d568 000000011001df68
0x000070000f40d578:   000070000f40d5d0 000000011001e4d0
0x000070000f40d588:   0000000000000000 000000011001df70
0x000070000f40d598:   0000000000000000 000070000f40d5c8
0x000070000f40d5a8:   000070000f40d618 0000000113139ffd
0x000070000f40d5b8:   0000000795ecbec0 0000000113143a58
0x000070000f40d5c8:   0000000795eda6e8 0000000795e7a6a0
0x000070000f40d5d8:   000070000f40d5d8 000000011001de6f
0x000070000f40d5e8:   000070000f40d648 000000011001e4d0
0x000070000f40d5f8:   0000000000000000 000000011001dee0
0x000070000f40d608:   000070000f40d5c8 000070000f40d638
0x000070000f40d618:   000070000f40d6a0 000000011313a042
0x000070000f40d628:   0000000000000000 0000000795e7a6a0
0x000070000f40d638:   0000000795eda6e8 0000000795e7a678
0x000070000f40d648:   0000000795ecbf50 0000000000000001 

Instructions: (pc=0x00007fff203089bf)
0x00007fff2030899f:   90 48 85 ff 74 76 89 f8 83 e0 01 48 85 c0 75 6c
0x00007fff203089af:   48 8b 07 48 b9 f8 ff ff ff ff 7f 00 00 48 21 c1
0x00007fff203089bf:   48 8b 51 20 f6 c2 04 74 54 a8 01 74 6f 48 b9 00
0x00007fff203089cf:   00 00 00 00 00 80 00 48 ba 00 00 00 00 00 00 00 

Register to memory mapping:

RAX=0x0000000000000008 is an unknown value
RBX=0x0000000000000001 is an unknown value
RCX=0x0000000000000008 is an unknown value
RDX=0x0000000000000005 is an unknown value
RSP=0x000070000f40d458 is pointing into the stack for thread: 0x00007f814a239800
RBP=0x000070000f40d490 is pointing into the stack for thread: 0x00007f814a239800
RSI=0x00007f8149745420 is an unknown value
RDI=0x00007f814947a9f0 is an unknown value
R8 =0x00007f8149652460 is an unknown value
R9 =0x000000000000000f is an unknown value
R10=0x0000000129caac60: OBJC_CLASS_$_MacOSXOpenGLView+0 in /private/var/folders/0v/qj4f4wnj143dhv1szc5_kxy40000gn/T/libgdxtuyen/f7649394/liblwjgl.dylib at 0x0000000129c6c000
R11=0x00007fff22d4d617: -[NSResponder release]+0 in /System/Library/Frameworks/AppKit.framework/Versions/C/AppKit at 0x00007fff22d42000
R12=0x00007f814947a9f0 is an unknown value
R13=0xa3a3a3a3a3a3a3a3 is an unknown value
R14=0x00007f814a2a2070 is an unknown value
R15=0x00007f814a2a2000 is an unknown value


Stack: [0x000070000f30e000,0x000070000f40e000],  sp=0x000070000f40d458,  free space=1021k
Native frames: (J=compiled Java code, j=interpreted, Vv=VM code, C=native code)
C  [libobjc.A.dylib+0x79bf]  objc_release+0x1f
C  [libobjc.A.dylib+0x833e]  objc_autoreleasePoolPop+0xa1
C  [CoreFoundation+0x421f0]  _CFAutoreleasePoolPop+0x16
C  [Foundation+0x1edfd]  -[NSAutoreleasePool release]+0x81
C  [liblwjgl.dylib+0x16cce]  Java_org_lwjgl_opengl_MacOSXContextImplementation_setView+0x10e
j  org.lwjgl.opengl.MacOSXContextImplementation.setView(Ljava/nio/ByteBuffer;Ljava/nio/ByteBuffer;)V+0
j  org.lwjgl.opengl.MacOSXContextImplementation.makeCurrent(Lorg/lwjgl/opengl/PeerInfo;Ljava/nio/ByteBuffer;)V+7
j  org.lwjgl.opengl.ContextGL.makeCurrent()V+46
j  org.lwjgl.opengl.DrawableGL.makeCurrent()V+14
j  org.lwjgl.opengl.Display.makeCurrent()V+3
j  org.lwjgl.opengl.Display.makeCurrentAndSetSwapInterval()V+0
j  org.lwjgl.opengl.Display.create(Lorg/lwjgl/opengl/PixelFormat;Lorg/lwjgl/opengl/Drawable;Lorg/lwjgl/opengl/ContextAttribs;)V+108
j  org.lwjgl.opengl.Display.create(Lorg/lwjgl/opengl/PixelFormat;)V+12
j  com.badlogic.gdx.backends.lwjgl.LwjglGraphics.createDisplayPixelFormat(ZII)V+343
j  com.badlogic.gdx.backends.lwjgl.LwjglGraphics.setupDisplay()V+575
j  com.badlogic.gdx.backends.lwjgl.LwjglApplication.mainLoop()V+9
j  com.badlogic.gdx.backends.lwjgl.LwjglApplication$1.run()V+27
v  ~StubRoutines::call_stub
V  [libjvm.dylib+0x2cc647]
V  [libjvm.dylib+0x2cb4a2]
V  [libjvm.dylib+0x2cb680]
V  [libjvm.dylib+0x31bcc4]
V  [libjvm.dylib+0x527e84]
V  [libjvm.dylib+0x527d49]
V  [libjvm.dylib+0x45b9eb]
C  [libsystem_pthread.dylib+0x6950]  _pthread_start+0xe0
C  [libsystem_pthread.dylib+0x247b]  thread_start+0xf
C  0x0000000000000000

Java frames: (J=compiled Java code, j=interpreted, Vv=VM code)
j  org.lwjgl.opengl.MacOSXContextImplementation.setView(Ljava/nio/ByteBuffer;Ljava/nio/ByteBuffer;)V+0
j  org.lwjgl.opengl.MacOSXContextImplementation.makeCurrent(Lorg/lwjgl/opengl/PeerInfo;Ljava/nio/ByteBuffer;)V+7
j  org.lwjgl.opengl.ContextGL.makeCurrent()V+46
j  org.lwjgl.opengl.DrawableGL.makeCurrent()V+14
j  org.lwjgl.opengl.Display.makeCurrent()V+3
j  org.lwjgl.opengl.Display.makeCurrentAndSetSwapInterval()V+0
j  org.lwjgl.opengl.Display.create(Lorg/lwjgl/opengl/PixelFormat;Lorg/lwjgl/opengl/Drawable;Lorg/lwjgl/opengl/ContextAttribs;)V+108
j  org.lwjgl.opengl.Display.create(Lorg/lwjgl/opengl/PixelFormat;)V+12
j  com.badlogic.gdx.backends.lwjgl.LwjglGraphics.createDisplayPixelFormat(ZII)V+343
j  com.badlogic.gdx.backends.lwjgl.LwjglGraphics.setupDisplay()V+575
j  com.badlogic.gdx.backends.lwjgl.LwjglApplication.mainLoop()V+9
j  com.badlogic.gdx.backends.lwjgl.LwjglApplication$1.run()V+27
v  ~StubRoutines::call_stub

---------------  P R O C E S S  ---------------

Java Threads: ( => current thread )
  0x00007f814c8b7000 JavaThread "DestroyJavaVM" [_thread_blocked, id=3331, stack(0x000070000dec3000,0x000070000dfc3000)]
=>0x00007f814a239800 JavaThread "LWJGL Application" [_thread_in_native, id=54535, stack(0x000070000f30e000,0x000070000f40e000)]
  0x00007f814a1ed000 JavaThread "AWT-Shutdown" [_thread_blocked, id=37659, stack(0x000070000ee76000,0x000070000ef76000)]
  0x00007f8149989800 JavaThread "AWT-AppKit" daemon [_thread_in_native, id=775, stack(0x00007ffee382d000,0x00007ffee402d000)]
  0x00007f814a09e800 JavaThread "Service Thread" daemon [_thread_blocked, id=17923, stack(0x000070000ec70000,0x000070000ed70000)]
  0x00007f814a09e000 JavaThread "C1 CompilerThread2" daemon [_thread_blocked, id=18179, stack(0x000070000eb6d000,0x000070000ec6d000)]
  0x00007f8149851000 JavaThread "C2 CompilerThread1" daemon [_thread_blocked, id=15119, stack(0x000070000ea6a000,0x000070000eb6a000)]
  0x00007f814a052800 JavaThread "C2 CompilerThread0" daemon [_thread_blocked, id=14595, stack(0x000070000e967000,0x000070000ea67000)]
  0x00007f8149850800 JavaThread "Signal Dispatcher" daemon [_thread_blocked, id=18691, stack(0x000070000e864000,0x000070000e964000)]
  0x00007f814a02a000 JavaThread "Finalizer" daemon [_thread_blocked, id=11523, stack(0x000070000e5d8000,0x000070000e6d8000)]
  0x00007f814a022000 JavaThread "Reference Handler" daemon [_thread_blocked, id=20995, stack(0x000070000e4d5000,0x000070000e5d5000)]

Other Threads:
  0x00007f814984c000 VMThread [stack: 0x000070000e3d2000,0x000070000e4d2000] [id=21507]
  0x00007f8149854800 WatcherThread [stack: 0x000070000ed73000,0x000070000ee73000] [id=17411]

VM state:not at safepoint (normal execution)

VM Mutex/Monitor currently owned by a thread: None

heap address: 0x0000000740000000, size: 2048 MB, Compressed Oops mode: Zero based, Oop shift amount: 3
Narrow klass base: 0x0000000000000000, Narrow klass shift: 3
Compressed class space size: 1073741824 Address: 0x00000007c0000000

Heap:
 PSYoungGen      total 38400K, used 9993K [0x0000000795580000, 0x0000000798000000, 0x00000007c0000000)
  eden space 33280K, 30% used [0x0000000795580000,0x0000000795f427c0,0x0000000797600000)
  from space 5120K, 0% used [0x0000000797b00000,0x0000000797b00000,0x0000000798000000)
  to   space 5120K, 0% used [0x0000000797600000,0x0000000797600000,0x0000000797b00000)
 ParOldGen       total 87552K, used 0K [0x0000000740000000, 0x0000000745580000, 0x0000000795580000)
  object space 87552K, 0% used [0x0000000740000000,0x0000000740000000,0x0000000745580000)
 Metaspace       used 6506K, capacity 6622K, committed 6656K, reserved 1056768K
  class space    used 695K, capacity 761K, committed 768K, reserved 1048576K

Card table byte_map: [0x000000010f278000,0x000000010f679000] byte_map_base: 0x000000010b878000

Marking Bits: (ParMarkBitMap*) 0x000000010e8273f8
 Begin Bits: [0x0000000122132000, 0x0000000124132000)
 End Bits:   [0x0000000124132000, 0x0000000126132000)

Polling page: 0x000000010bc67000

CodeCache: size=245760Kb used=2016Kb max_used=2016Kb free=243743Kb
 bounds [0x0000000113132000, 0x00000001133a2000, 0x0000000122132000]
 total_blobs=732 nmethods=404 adapters=243
 compilation: enabled

Compilation events (10 events):
Event: 1.399 Thread 0x00007f814a09e000  400       3       java.io.File::isInvalid (47 bytes)
Event: 1.399 Thread 0x00007f814a09e000 nmethod 400 0x0000000113325a10 code [0x0000000113325ba0, 0x0000000113325fc8]
Event: 1.399 Thread 0x00007f814a09e000  401   !   3       java.lang.StringCoding::encode (120 bytes)
Event: 1.401 Thread 0x00007f814a09e000 nmethod 401 0x0000000113327d90 code [0x00000001133280e0, 0x0000000113329b18]
Event: 1.416 Thread 0x00007f814a09e000  402       3       java.lang.Integer::valueOf (32 bytes)
Event: 1.417 Thread 0x00007f814a09e000 nmethod 402 0x0000000113324f90 code [0x0000000113325120, 0x0000000113325470]
Event: 1.417 Thread 0x00007f814a09e000  403       3       java.nio.Buffer::remaining (10 bytes)
Event: 1.418 Thread 0x00007f814a09e000 nmethod 403 0x0000000113324c90 code [0x0000000113324de0, 0x0000000113324f30]
Event: 1.418 Thread 0x00007f814a09e000  404       3       sun.misc.SharedSecrets::javaUtilJarAccess (18 bytes)
Event: 1.418 Thread 0x00007f814a09e000 nmethod 404 0x0000000113324850 code [0x00000001133249c0, 0x0000000113324c08]

GC Heap History (0 events):
No events

Deoptimization events (0 events):
No events

Classes redefined (0 events):
No events

Internal exceptions (10 events):
Event: 0.931 Thread 0x00007f814980d000 Exception <a 'java/io/FileNotFoundException'> (0x0000000795ad3348) thrown at [/Volumes/Android/buildbot/src/googleplex-android/openjdk/out/hotspot/src/share/vm/prims/jni.cpp, line 710]
Event: 0.931 Thread 0x00007f814980d000 Exception <a 'java/io/FileNotFoundException'> (0x0000000795ad4348) thrown at [/Volumes/Android/buildbot/src/googleplex-android/openjdk/out/hotspot/src/share/vm/prims/jni.cpp, line 710]
Event: 0.964 Thread 0x00007f814980d000 Exception <a 'java/security/PrivilegedActionException'> (0x0000000795aebc30) thrown at [/Volumes/Android/buildbot/src/googleplex-android/openjdk/out/hotspot/src/share/vm/prims/jvm.cpp, line 1502]
Event: 0.965 Thread 0x00007f814980d000 Exception <a 'java/security/PrivilegedActionException'> (0x0000000795aed818) thrown at [/Volumes/Android/buildbot/src/googleplex-android/openjdk/out/hotspot/src/share/vm/prims/jvm.cpp, line 1502]
Event: 0.965 Thread 0x00007f814980d000 Exception <a 'java/security/PrivilegedActionException'> (0x0000000795aee938) thrown at [/Volumes/Android/buildbot/src/googleplex-android/openjdk/out/hotspot/src/share/vm/prims/jvm.cpp, line 1502]
Event: 0.965 Thread 0x00007f814980d000 Exception <a 'java/security/PrivilegedActionException'> (0x0000000795af3b08) thrown at [/Volumes/Android/buildbot/src/googleplex-android/openjdk/out/hotspot/src/share/vm/prims/jvm.cpp, line 1502]
Event: 0.965 Thread 0x00007f814980d000 Exception <a 'java/security/PrivilegedActionException'> (0x0000000795af4760) thrown at [/Volumes/Android/buildbot/src/googleplex-android/openjdk/out/hotspot/src/share/vm/prims/jvm.cpp, line 1502]
Event: 0.965 Thread 0x00007f814980d000 Exception <a 'java/security/PrivilegedActionException'> (0x0000000795af5388) thrown at [/Volumes/Android/buildbot/src/googleplex-android/openjdk/out/hotspot/src/share/vm/prims/jvm.cpp, line 1502]
Event: 1.120 Thread 0x00007f814a239800 Exception <a 'org/lwjgl/LWJGLException': Could not create pixel format> (0x0000000795e79f88) thrown at [/Volumes/Android/buildbot/src/googleplex-android/openjdk/out/hotspot/src/share/vm/prims/jni.cpp, line 737]
Event: 1.121 Thread 0x00007f814a239800 Exception <a 'org/lwjgl/LWJGLException': Could not create pixel format> (0x0000000795e7a378) thrown at [/Volumes/Android/buildbot/src/googleplex-android/openjdk/out/hotspot/src/share/vm/prims/jni.cpp, line 737]

Events (10 events):
Event: 1.419 loading class org/lwjgl/opengl/ContextImplementation
Event: 1.419 loading class org/lwjgl/opengl/ContextImplementation done
Event: 1.423 loading class org/lwjgl/opengl/MacOSXContextImplementation
Event: 1.423 loading class org/lwjgl/opengl/MacOSXContextImplementation done
Event: 1.424 loading class org/lwjgl/opengl/GLContext
Event: 1.424 loading class org/lwjgl/opengl/GLContext done
Event: 1.425 loading class java/lang/NumberFormatException
Event: 1.425 loading class java/lang/NumberFormatException done
Event: 1.425 loading class org/lwjgl/opengl/GLContext$CapabilitiesCacheEntry
Event: 1.425 loading class org/lwjgl/opengl/GLContext$CapabilitiesCacheEntry done


Dynamic libraries:
0x00007fff350f6000 	/System/Library/Frameworks/Cocoa.framework/Versions/A/Cocoa
0x00007fff2231b000 	/System/Library/Frameworks/Security.framework/Versions/A/Security
0x00007fff332f3000 	/System/Library/Frameworks/ApplicationServices.framework/Versions/A/ApplicationServices
0x00007fff2a5a4000 	/usr/lib/libz.1.dylib
0x00007fff2a66c000 	/usr/lib/libSystem.B.dylib
0x00007fff204e1000 	/System/Library/Frameworks/CoreFoundation.framework/Versions/A/CoreFoundation
0x00007fff2128e000 	/System/Library/Frameworks/Foundation.framework/Versions/C/Foundation
0x00007fff20301000 	/usr/lib/libobjc.A.dylib
0x00007fff22d42000 	/System/Library/Frameworks/AppKit.framework/Versions/C/AppKit
0x00007fff25bda000 	/System/Library/Frameworks/CoreData.framework/Versions/A/CoreData
0x00007fff23aa5000 	/System/Library/PrivateFrameworks/UIFoundation.framework/Versions/A/UIFoundation
0x00007fff2fcd2000 	/System/Library/PrivateFrameworks/RemoteViewServices.framework/Versions/A/RemoteViewServices
0x00007fff28acb000 	/System/Library/PrivateFrameworks/XCTTargetBootstrap.framework/Versions/A/XCTTargetBootstrap
0x00007fff2b7ac000 	/usr/lib/libspindump.dylib
0x00007fff23cfa000 	/System/Library/Frameworks/UniformTypeIdentifiers.framework/Versions/A/UniformTypeIdentifiers
0x00007fff272a1000 	/usr/lib/libapp_launch_measurement.dylib
0x00007fff272a4000 	/System/Library/PrivateFrameworks/CoreAutoLayout.framework/Versions/A/CoreAutoLayout
0x00007fff2842d000 	/System/Library/Frameworks/Metal.framework/Versions/A/Metal
0x00007fff2911d000 	/usr/lib/liblangid.dylib
0x00007fff28acf000 	/System/Library/PrivateFrameworks/CoreSVG.framework/Versions/A/CoreSVG
0x00007fff24ce1000 	/System/Library/PrivateFrameworks/SkyLight.framework/Versions/A/SkyLight
0x00007fff25048000 	/System/Library/Frameworks/CoreGraphics.framework/Versions/A/CoreGraphics
0x00007fff30329000 	/System/Library/Frameworks/Accelerate.framework/Versions/A/Accelerate
0x00007fff2b1e7000 	/System/Library/PrivateFrameworks/IconServices.framework/Versions/A/IconServices
0x00007fff28412000 	/System/Library/Frameworks/IOSurface.framework/Versions/A/IOSurface
0x00007fff26563000 	/usr/lib/libDiagnosticMessagesClient.dylib
0x00007fff28ab7000 	/System/Library/PrivateFrameworks/DFRFoundation.framework/Versions/A/DFRFoundation
0x00007fff2266d000 	/usr/lib/libicucore.A.dylib
0x00007fff2ccf3000 	/System/Library/Frameworks/AudioToolbox.framework/Versions/A/AudioToolbox
0x00007fff2bf98000 	/System/Library/PrivateFrameworks/DataDetectorsCore.framework/Versions/A/DataDetectorsCore
0x00007fff287b7000 	/System/Library/Frameworks/Carbon.framework/Versions/A/Frameworks/HIToolbox.framework/Versions/A/HIToolbox
0x00007fff26cfc000 	/System/Library/Frameworks/QuartzCore.framework/Versions/A/QuartzCore
0x00007fff2fd0e000 	/System/Library/Frameworks/Carbon.framework/Versions/A/Frameworks/SpeechRecognition.framework/Versions/A/SpeechRecognition
0x00007fff27009000 	/System/Library/PrivateFrameworks/CoreUI.framework/Versions/A/CoreUI
0x00007fff21c76000 	/System/Library/Frameworks/CoreAudio.framework/Versions/A/CoreAudio
0x00007fff2664e000 	/System/Library/Frameworks/DiskArbitration.framework/Versions/A/DiskArbitration
0x00007fff2bba7000 	/System/Library/PrivateFrameworks/MultitouchSupport.framework/Versions/A/MultitouchSupport
0x00007fff2bf8f000 	/System/Library/PrivateFrameworks/InternationalSupport.framework/Versions/A/InternationalSupport
0x00007fff24c55000 	/usr/lib/libenergytrace.dylib
0x00007fff22c3b000 	/System/Library/Frameworks/IOKit.framework/Versions/A/IOKit
0x00007fff3005b000 	/System/Library/Frameworks/CoreServices.framework/Versions/A/CoreServices
0x00007fff27237000 	/System/Library/PrivateFrameworks/PerformanceAnalysis.framework/Versions/A/PerformanceAnalysis
0x00007fff6c9c5000 	/System/Library/Frameworks/OpenGL.framework/Versions/A/OpenGL
0x00007fff2c014000 	/System/Library/PrivateFrameworks/UserActivity.framework/Versions/A/UserActivity
0x00007fff256dc000 	/System/Library/Frameworks/ColorSync.framework/Versions/A/ColorSync
0x00007fff28d34000 	/System/Library/Frameworks/CoreImage.framework/Versions/A/CoreImage
0x00007fff21a8d000 	/System/Library/Frameworks/CoreText.framework/Versions/A/CoreText
0x00007fff28af9000 	/System/Library/Frameworks/ImageIO.framework/Versions/A/ImageIO
0x00007fff2a672000 	/System/Library/PrivateFrameworks/SoftLinking.framework/Versions/A/SoftLinking
0x00007fff272ed000 	/usr/lib/libxml2.2.dylib
0x00007fff203c6000 	/usr/lib/libc++.1.dylib
0x00007fff2a8e4000 	/usr/lib/libcompression.dylib
0x00007fff24c56000 	/usr/lib/libMobileGestalt.dylib
0x00007fff2bec2000 	/System/Library/PrivateFrameworks/TextureIO.framework/Versions/A/TextureIO
0x00007fff2af0a000 	/usr/lib/libate.dylib
0x00007fff2a666000 	/usr/lib/system/libcache.dylib
0x00007fff2a622000 	/usr/lib/system/libcommonCrypto.dylib
0x00007fff2a64c000 	/usr/lib/system/libcompiler_rt.dylib
0x00007fff2a641000 	/usr/lib/system/libcopyfile.dylib
0x00007fff201ef000 	/usr/lib/system/libcorecrypto.dylib
0x00007fff202bc000 	/usr/lib/system/libdispatch.dylib
0x00007fff20470000 	/usr/lib/system/libdyld.dylib
0x00007fff2a65d000 	/usr/lib/system/libkeymgr.dylib
0x00007fff2daa5000 	/usr/lib/system/liblaunch.dylib
0x00007fff2a600000 	/usr/lib/system/libmacho.dylib
0x00007fff29e1a000 	/usr/lib/system/libquarantine.dylib
0x00007fff2a65a000 	/usr/lib/system/libremovefile.dylib
0x00007fff24cb2000 	/usr/lib/system/libsystem_asl.dylib
0x00007fff2019f000 	/usr/lib/system/libsystem_blocks.dylib
0x00007fff2033d000 	/usr/lib/system/libsystem_c.dylib
0x00007fff2a654000 	/usr/lib/system/libsystem_collections.dylib
0x00007fff2910e000 	/usr/lib/system/libsystem_configuration.dylib
0x00007fff28401000 	/usr/lib/system/libsystem_containermanager.dylib
0x00007fff2a39c000 	/usr/lib/system/libsystem_coreservices.dylib
0x00007fff228cf000 	/usr/lib/system/libsystem_darwin.dylib
0x00007fff2a65e000 	/usr/lib/system/libsystem_dnssd.dylib
0x00007fff2033a000 	/usr/lib/system/libsystem_featureflags.dylib
0x00007fff204b5000 	/usr/lib/system/libsystem_info.dylib
0x00007fff2a5b7000 	/usr/lib/system/libsystem_m.dylib
0x00007fff2028f000 	/usr/lib/system/libsystem_malloc.dylib
0x00007fff24c46000 	/usr/lib/system/libsystem_networkextension.dylib
0x00007fff22cea000 	/usr/lib/system/libsystem_notify.dylib
0x00007fff2ff59000 	/usr/lib/system/libsystem_product_info_filter.dylib
0x00007fff29112000 	/usr/lib/system/libsystem_sandbox.dylib
0x00007fff2a657000 	/usr/lib/system/libsystem_secinit.dylib
0x00007fff20435000 	/usr/lib/system/libsystem_kernel.dylib
0x00007fff204ab000 	/usr/lib/system/libsystem_platform.dylib
0x00007fff20464000 	/usr/lib/system/libsystem_pthread.dylib
0x00007fff263b1000 	/usr/lib/system/libsystem_symptoms.dylib
0x00007fff201d7000 	/usr/lib/system/libsystem_trace.dylib
0x00007fff2a62e000 	/usr/lib/system/libunwind.dylib
0x00007fff201a1000 	/usr/lib/system/libxpc.dylib
0x00007fff2041c000 	/usr/lib/libc++abi.dylib
0x00007fff2a639000 	/usr/lib/liboah.dylib
0x00007fff2acef000 	/usr/lib/liblzma.5.dylib
0x00007fff20fa2000 	/System/Library/Frameworks/SystemConfiguration.framework/Versions/A/SystemConfiguration
0x00007fff2a66e000 	/usr/lib/libfakelink.dylib
0x00007fff247a8000 	/System/Library/Frameworks/CFNetwork.framework/Versions/A/CFNetwork
0x00007fff2a7ae000 	/usr/lib/libarchive.2.dylib
0x00007fff21020000 	/usr/lib/libCRFSuite.dylib
0x00007fff29e41000 	/usr/lib/libbsm.0.dylib
0x00007fff24164000 	/usr/lib/libnetwork.dylib
0x00007fff2a673000 	/usr/lib/libpcap.A.dylib
0x00007fff263aa000 	/usr/lib/libdns_services.dylib
0x00007fff2ad08000 	/usr/lib/libcoretls_cfhelpers.dylib
0x00007fff2a8b2000 	/usr/lib/libapple_nghttp2.dylib
0x00007fff2a606000 	/usr/lib/system/libkxld.dylib
0x00007fff26010000 	/usr/lib/libsqlite3.dylib
0x00007fff2a37e000 	/System/Library/PrivateFrameworks/AppleFSCompression.framework/Versions/A/AppleFSCompression
0x00007fff29e29000 	/usr/lib/libcoretls.dylib
0x00007fff2a8df000 	/usr/lib/libpam.2.dylib
0x00007fff2ae05000 	/usr/lib/libxar.1.dylib
0x00007fff29119000 	/System/Library/PrivateFrameworks/AppleSystemInfo.framework/Versions/A/AppleSystemInfo
0x00007fff29a6c000 	/System/Library/PrivateFrameworks/IOMobileFramebuffer.framework/Versions/A/IOMobileFramebuffer
0x00007fff2a38e000 	/usr/lib/libbz2.1.0.dylib
0x00007fff2a6ab000 	/usr/lib/libiconv.2.dylib
0x00007fff2a5ff000 	/usr/lib/libcharset.1.dylib
0x00007fff27273000 	/System/Library/Frameworks/CoreServices.framework/Versions/A/Frameworks/FSEvents.framework/Versions/A/FSEvents
0x00007fff228d9000 	/System/Library/Frameworks/CoreServices.framework/Versions/A/Frameworks/CarbonCore.framework/Versions/A/CarbonCore
0x00007fff265b3000 	/System/Library/Frameworks/CoreServices.framework/Versions/A/Frameworks/Metadata.framework/Versions/A/Metadata
0x00007fff2a3a1000 	/System/Library/Frameworks/CoreServices.framework/Versions/A/Frameworks/OSServices.framework/Versions/A/OSServices
0x00007fff2a820000 	/System/Library/Frameworks/CoreServices.framework/Versions/A/Frameworks/SearchKit.framework/Versions/A/SearchKit
0x00007fff26334000 	/System/Library/Frameworks/CoreServices.framework/Versions/A/Frameworks/AE.framework/Versions/A/AE
0x00007fff2097d000 	/System/Library/Frameworks/CoreServices.framework/Versions/A/Frameworks/LaunchServices.framework/Versions/A/LaunchServices
0x00007fff2aca0000 	/System/Library/Frameworks/CoreServices.framework/Versions/A/Frameworks/DictionaryServices.framework/Versions/A/DictionaryServices
0x00007fff2727c000 	/System/Library/Frameworks/CoreServices.framework/Versions/A/Frameworks/SharedFileList.framework/Versions/A/SharedFileList
0x00007fff29e1d000 	/usr/lib/libCheckFix.dylib
0x00007fff24cc9000 	/System/Library/PrivateFrameworks/TCC.framework/Versions/A/TCC
0x00007fff2911f000 	/System/Library/PrivateFrameworks/CoreNLP.framework/Versions/A/CoreNLP
0x00007fff26566000 	/System/Library/PrivateFrameworks/MetadataUtilities.framework/Versions/A/MetadataUtilities
0x00007fff21056000 	/usr/lib/libmecabra.dylib
0x00007fff2a130000 	/System/Library/Frameworks/MLCompute.framework/Versions/A/MLCompute
0x00007fff29e52000 	/usr/lib/libmecab.dylib
0x00007fff29e9c000 	/usr/lib/libgermantok.dylib
0x00007fff2a888000 	/usr/lib/libThaiTokenizer.dylib
0x00007fff2ae40000 	/usr/lib/libChineseTokenizer.dylib
0x00007fff2a8dd000 	/System/Library/Frameworks/MetalPerformanceShaders.framework/Versions/A/MetalPerformanceShaders
0x00007fff26655000 	/System/Library/Frameworks/Accelerate.framework/Versions/A/Frameworks/vImage.framework/Versions/A/vImage
0x00007fff30034000 	/System/Library/Frameworks/Accelerate.framework/Versions/A/Frameworks/vecLib.framework/Versions/A/vecLib
0x00007fff2ae4b000 	/System/Library/Frameworks/Accelerate.framework/Versions/A/Frameworks/vecLib.framework/Versions/A/libvMisc.dylib
0x00007fff29885000 	/System/Library/Frameworks/Accelerate.framework/Versions/A/Frameworks/vecLib.framework/Versions/A/libvDSP.dylib
0x00007fff20c81000 	/System/Library/Frameworks/Accelerate.framework/Versions/A/Frameworks/vecLib.framework/Versions/A/libBLAS.dylib
0x00007fff2a903000 	/System/Library/Frameworks/Accelerate.framework/Versions/A/Frameworks/vecLib.framework/Versions/A/libLAPACK.dylib
0x00007fff29ea2000 	/System/Library/Frameworks/Accelerate.framework/Versions/A/Frameworks/vecLib.framework/Versions/A/libLinearAlgebra.dylib
0x00007fff2a8ca000 	/System/Library/Frameworks/Accelerate.framework/Versions/A/Frameworks/vecLib.framework/Versions/A/libSparseBLAS.dylib
0x00007fff2a8fd000 	/System/Library/Frameworks/Accelerate.framework/Versions/A/Frameworks/vecLib.framework/Versions/A/libQuadrature.dylib
0x00007fff291c7000 	/System/Library/Frameworks/Accelerate.framework/Versions/A/Frameworks/vecLib.framework/Versions/A/libBNNS.dylib
0x00007fff20f33000 	/System/Library/Frameworks/Accelerate.framework/Versions/A/Frameworks/vecLib.framework/Versions/A/libSparse.dylib
0x00007fff290b2000 	/System/Library/Frameworks/MetalPerformanceShaders.framework/Versions/A/Frameworks/MPSCore.framework/Versions/A/MPSCore
0x00007fff2a2ed000 	/System/Library/Frameworks/MetalPerformanceShaders.framework/Versions/A/Frameworks/MPSImage.framework/Versions/A/MPSImage
0x00007fff29eb8000 	/System/Library/Frameworks/MetalPerformanceShaders.framework/Versions/A/Frameworks/MPSNeuralNetwork.framework/Versions/A/MPSNeuralNetwork
0x00007fff2a278000 	/System/Library/Frameworks/MetalPerformanceShaders.framework/Versions/A/Frameworks/MPSMatrix.framework/Versions/A/MPSMatrix
0x00007fff2a0e0000 	/System/Library/Frameworks/MetalPerformanceShaders.framework/Versions/A/Frameworks/MPSRayIntersector.framework/Versions/A/MPSRayIntersector
0x00007fff2a2af000 	/System/Library/Frameworks/MetalPerformanceShaders.framework/Versions/A/Frameworks/MPSNDArray.framework/Versions/A/MPSNDArray
0x00007fff20bad000 	/System/Library/PrivateFrameworks/MetalTools.framework/Versions/A/MetalTools
0x00007fff29117000 	/System/Library/PrivateFrameworks/AggregateDictionary.framework/Versions/A/AggregateDictionary
0x00007fff2653e000 	/System/Library/PrivateFrameworks/CoreAnalytics.framework/Versions/A/CoreAnalytics
0x00007fff2a88a000 	/System/Library/PrivateFrameworks/AppleSauce.framework/Versions/A/AppleSauce
0x00007fff28424000 	/System/Library/PrivateFrameworks/IOAccelerator.framework/Versions/A/IOAccelerator
0x00007fff6c9b9000 	/System/Library/Frameworks/OpenGL.framework/Versions/A/Libraries/libCoreFSCache.dylib
0x00007fff215f2000 	/System/Library/PrivateFrameworks/LanguageModeling.framework/Versions/A/LanguageModeling
0x00007fff29a59000 	/System/Library/PrivateFrameworks/CoreEmoji.framework/Versions/A/CoreEmoji
0x00007fff291c0000 	/System/Library/PrivateFrameworks/LinguisticData.framework/Versions/A/LinguisticData
0x00007fff20ee5000 	/System/Library/PrivateFrameworks/Lexicon.framework/Versions/A/Lexicon
0x00007fff2a79c000 	/usr/lib/libcmph.dylib
0x00007fff27253000 	/System/Library/Frameworks/OpenDirectory.framework/Versions/A/Frameworks/CFOpenDirectory.framework/Versions/A/CFOpenDirectory
0x00007fff27243000 	/System/Library/Frameworks/OpenDirectory.framework/Versions/A/OpenDirectory
0x00007fff2ad0a000 	/System/Library/PrivateFrameworks/APFS.framework/Versions/A/APFS
0x00007fff29d7e000 	/System/Library/Frameworks/SecurityFoundation.framework/Versions/A/SecurityFoundation
0x00007fff2ae13000 	/usr/lib/libutil.dylib
0x00007fff22c00000 	/System/Library/PrivateFrameworks/CoreServicesStore.framework/Versions/A/CoreServicesStore
0x00007fff29e15000 	/System/Library/Frameworks/ServiceManagement.framework/Versions/A/ServiceManagement
0x00007fff2ae17000 	/usr/lib/libxslt.1.dylib
0x00007fff29e0b000 	/System/Library/PrivateFrameworks/BackgroundTaskManagement.framework/Versions/A/BackgroundTaskManagement
0x00007fff2be0c000 	/System/Library/Frameworks/ImageIO.framework/Versions/A/Resources/libRadiance.dylib
0x00007fff2be16000 	/System/Library/Frameworks/ImageIO.framework/Versions/A/Resources/libJPEG.dylib
0x00007fff2bd61000 	/System/Library/Frameworks/ImageIO.framework/Versions/A/Resources/libPng.dylib
0x00007fff2bd88000 	/System/Library/Frameworks/ImageIO.framework/Versions/A/Resources/libTIFF.dylib
0x00007fff2be6b000 	/System/Library/Frameworks/ImageIO.framework/Versions/A/Resources/libGIF.dylib
0x00007fff2bac4000 	/System/Library/Frameworks/ImageIO.framework/Versions/A/Resources/libJP2.dylib
0x00007fff2b1ae000 	/usr/lib/libexpat.1.dylib
0x00007fff2ba79000 	/System/Library/PrivateFrameworks/AppleJPEG.framework/Versions/A/AppleJPEG
0x00007fff2865a000 	/System/Library/PrivateFrameworks/FontServices.framework/libFontParser.dylib
0x00007fff262e8000 	/System/Library/PrivateFrameworks/RunningBoardServices.framework/Versions/A/RunningBoardServices
0x00007fff2bba3000 	/System/Library/PrivateFrameworks/WatchdogClient.framework/Versions/A/WatchdogClient
0x00007fff216df000 	/System/Library/Frameworks/CoreDisplay.framework/Versions/A/CoreDisplay
0x00007fff28570000 	/System/Library/Frameworks/CoreMedia.framework/Versions/A/CoreMedia
0x00007fff273d0000 	/System/Library/Frameworks/CoreVideo.framework/Versions/A/CoreVideo
0x00007fff2bbdb000 	/System/Library/Frameworks/VideoToolbox.framework/Versions/A/VideoToolbox
0x00007fff26266000 	/System/Library/PrivateFrameworks/BaseBoard.framework/Versions/A/BaseBoard
0x00007fff2b2f3000 	/System/Library/PrivateFrameworks/PersistentConnection.framework/Versions/A/PersistentConnection
0x00007fff25ff9000 	/System/Library/PrivateFrameworks/ProtocolBuffer.framework/Versions/A/ProtocolBuffer
0x00007fff2624d000 	/System/Library/PrivateFrameworks/CommonUtilities.framework/Versions/A/CommonUtilities
0x00007fff2ba0e000 	/System/Library/PrivateFrameworks/Bom.framework/Versions/A/Bom
0x00007fff2be05000 	/System/Library/PrivateFrameworks/GPUWrangler.framework/Versions/A/GPUWrangler
0x00007fff2bde8000 	/System/Library/PrivateFrameworks/IOPresentment.framework/Versions/A/IOPresentment
0x00007fff2be10000 	/System/Library/PrivateFrameworks/DSExternalDisplay.framework/Versions/A/DSExternalDisplay
0x00007fff2be70000 	/System/Library/PrivateFrameworks/CMCaptureCore.framework/Versions/A/CMCaptureCore
0x00007fff2b793000 	/System/Library/PrivateFrameworks/AppServerSupport.framework/Versions/A/AppServerSupport
0x00007fff2d844000 	/System/Library/PrivateFrameworks/perfdata.framework/Versions/A/perfdata
0x00007fff29d6d000 	/System/Library/PrivateFrameworks/AssertionServices.framework/Versions/A/AssertionServices
0x00007fff21816000 	/System/Library/PrivateFrameworks/AudioToolboxCore.framework/Versions/A/AudioToolboxCore
0x00007fff28553000 	/System/Library/PrivateFrameworks/caulk.framework/Versions/A/caulk
0x00007fff3d4ef000 	/System/Library/PrivateFrameworks/SystemPolicy.framework/Versions/A/SystemPolicy
0x00007fff2afa3000 	/usr/lib/libIOReport.dylib
0x00007fff2d066000 	/usr/lib/libSMC.dylib
0x00007fff2bd2e000 	/usr/lib/libAudioToolboxUtility.dylib
0x00007fff3de59000 	/usr/lib/libmis.dylib
0x00007fff6ca15000 	/System/Library/Frameworks/OpenGL.framework/Versions/A/Libraries/libGLU.dylib
0x00007fff6c9d8000 	/System/Library/Frameworks/OpenGL.framework/Versions/A/Libraries/libGFXShared.dylib
0x00007fff6cbe7000 	/System/Library/Frameworks/OpenGL.framework/Versions/A/Libraries/libGL.dylib
0x00007fff6c9e1000 	/System/Library/Frameworks/OpenGL.framework/Versions/A/Libraries/libGLImage.dylib
0x00007fff6c9d5000 	/System/Library/Frameworks/OpenGL.framework/Versions/A/Libraries/libCVMSPluginSupport.dylib
0x00007fff6c9c0000 	/System/Library/Frameworks/OpenGL.framework/Versions/A/Libraries/libCoreVMClient.dylib
0x00007fff6e028000 	/System/Library/Frameworks/OpenCL.framework/Versions/A/OpenCL
0x00007fff2b31d000 	/System/Library/PrivateFrameworks/GraphVisualizer.framework/Versions/A/GraphVisualizer
0x00007fff2b32c000 	/System/Library/PrivateFrameworks/FaceCore.framework/Versions/A/FaceCore
0x00007fff2b748000 	/System/Library/PrivateFrameworks/OTSVG.framework/Versions/A/OTSVG
0x00007fff26fc7000 	/System/Library/Frameworks/ApplicationServices.framework/Versions/A/Frameworks/ATS.framework/Versions/A/Resources/libFontRegistry.dylib
0x00007fff2b79a000 	/System/Library/PrivateFrameworks/FontServices.framework/libhvf.dylib
0x00007fff2b15a000 	/System/Library/PrivateFrameworks/AppleVA.framework/Versions/A/AppleVA
0x00007fff2ceaf000 	/System/Library/Frameworks/ApplicationServices.framework/Versions/A/Frameworks/ATS.framework/Versions/A/ATS
0x00007fff2d1c1000 	/System/Library/Frameworks/ApplicationServices.framework/Versions/A/Frameworks/ColorSyncLegacy.framework/Versions/A/ColorSyncLegacy
0x00007fff257d3000 	/System/Library/Frameworks/ApplicationServices.framework/Versions/A/Frameworks/HIServices.framework/Versions/A/HIServices
0x00007fff2d1a6000 	/System/Library/Frameworks/ApplicationServices.framework/Versions/A/Frameworks/LangAnalysis.framework/Versions/A/LangAnalysis
0x00007fff2be7a000 	/System/Library/Frameworks/ApplicationServices.framework/Versions/A/Frameworks/PrintCore.framework/Versions/A/PrintCore
0x00007fff2d1c9000 	/System/Library/Frameworks/ApplicationServices.framework/Versions/A/Frameworks/QD.framework/Versions/A/QD
0x00007fff2ce9f000 	/System/Library/Frameworks/ApplicationServices.framework/Versions/A/Frameworks/SpeechSynthesis.framework/Versions/A/SpeechSynthesis
0x00007fff2be3b000 	/System/Library/Frameworks/ApplicationServices.framework/Versions/A/Frameworks/ATSUI.framework/Versions/A/ATSUI
0x00007fff2d146000 	/usr/lib/libcups.2.dylib
0x00007fff2d1b6000 	/System/Library/PrivateFrameworks/NetAuth.framework/Versions/A/NetAuth
0x00007fff2d860000 	/System/Library/Frameworks/Kerberos.framework/Versions/A/Kerberos
0x00007fff2d870000 	/System/Library/Frameworks/GSS.framework/Versions/A/GSS
0x00007fff2cf1b000 	/usr/lib/libresolv.9.dylib
0x00007fff2b7af000 	/System/Library/PrivateFrameworks/Heimdal.framework/Versions/A/Heimdal
0x00007fff335f4000 	/System/Library/Frameworks/Kerberos.framework/Versions/A/Libraries/libHeimdalProxy.dylib
0x00007fff263b9000 	/System/Library/Frameworks/Network.framework/Versions/A/Network
0x00007fff2b1c8000 	/usr/lib/libheimdal-asn1.dylib
0x00007fff2d8c0000 	/System/Library/PrivateFrameworks/CommonAuth.framework/Versions/A/CommonAuth
0x00007fff2741d000 	/System/Library/PrivateFrameworks/login.framework/Versions/A/Frameworks/loginsupport.framework/Versions/A/loginsupport
0x00007fff2ce24000 	/System/Library/PrivateFrameworks/AudioSession.framework/Versions/A/AudioSession
0x00007fff2ce8c000 	/usr/lib/libAudioStatistics.dylib
0x00007fff2b255000 	/System/Library/PrivateFrameworks/MediaExperience.framework/Versions/A/MediaExperience
0x00007fff2ccc1000 	/System/Library/PrivateFrameworks/AudioSession.framework/libSessionUtility.dylib
0x00007fff2d851000 	/usr/lib/libperfcheck.dylib
0x00007fff2d1d5000 	/System/Library/PrivateFrameworks/AudioResourceArbitration.framework/Versions/A/AudioResourceArbitration
0x00007fff2b1d2000 	/System/Library/PrivateFrameworks/IconFoundation.framework/Versions/A/IconFoundation
0x00007fff2fcfe000 	/System/Library/PrivateFrameworks/SpeechRecognitionCore.framework/Versions/A/SpeechRecognitionCore
0x000000010e000000 	/private/var/folders/0v/qj4f4wnj143dhv1szc5_kxy40000gn/T/AppTranslocation/54E195CF-9BF5-4032-942F-84F27DB8FC94/d/Android Studio.app/Contents/jre/jdk/Contents/Home/jre/lib/server/libjvm.dylib
0x00007fff78901000 	/usr/lib/libstdc++.6.dylib
0x000000010bc0b000 	/private/var/folders/0v/qj4f4wnj143dhv1szc5_kxy40000gn/T/AppTranslocation/54E195CF-9BF5-4032-942F-84F27DB8FC94/d/Android Studio.app/Contents/jre/jdk/Contents/Home/jre/lib/libverify.dylib
0x000000010bc1d000 	/private/var/folders/0v/qj4f4wnj143dhv1szc5_kxy40000gn/T/AppTranslocation/54E195CF-9BF5-4032-942F-84F27DB8FC94/d/Android Studio.app/Contents/jre/jdk/Contents/Home/jre/lib/libjava.dylib
0x000000010bcb1000 	/private/var/folders/0v/qj4f4wnj143dhv1szc5_kxy40000gn/T/AppTranslocation/54E195CF-9BF5-4032-942F-84F27DB8FC94/d/Android Studio.app/Contents/jre/jdk/Contents/Home/jre/lib/libzip.dylib
0x000000010bfb4000 	/private/var/folders/0v/qj4f4wnj143dhv1szc5_kxy40000gn/T/AppTranslocation/54E195CF-9BF5-4032-942F-84F27DB8FC94/d/Android Studio.app/Contents/jre/jdk/Contents/Home/jre/lib/libnio.dylib
0x000000010bfcf000 	/private/var/folders/0v/qj4f4wnj143dhv1szc5_kxy40000gn/T/AppTranslocation/54E195CF-9BF5-4032-942F-84F27DB8FC94/d/Android Studio.app/Contents/jre/jdk/Contents/Home/jre/lib/libnet.dylib
0x0000000112078000 	/private/var/folders/0v/qj4f4wnj143dhv1szc5_kxy40000gn/T/libgdxtuyen/25a8e9fb/libgdx64.dylib
0x00000001120c8000 	/private/var/folders/0v/qj4f4wnj143dhv1szc5_kxy40000gn/T/AppTranslocation/54E195CF-9BF5-4032-942F-84F27DB8FC94/d/Android Studio.app/Contents/jre/jdk/Contents/Home/jre/lib/libawt.dylib
0x0000000112189000 	/private/var/folders/0v/qj4f4wnj143dhv1szc5_kxy40000gn/T/AppTranslocation/54E195CF-9BF5-4032-942F-84F27DB8FC94/d/Android Studio.app/Contents/jre/jdk/Contents/Home/jre/lib/libmlib_image.dylib
0x00007fff6f855000 	/System/Library/Frameworks/JavaNativeFoundation.framework/Versions/A/JavaNativeFoundation
0x00007fff6f861000 	/System/Library/Frameworks/JavaRuntimeSupport.framework/Versions/A/JavaRuntimeSupport
0x00007fff3d267000 	/System/Library/Frameworks/Carbon.framework/Versions/A/Carbon
0x00007fff31cc8000 	/System/Library/PrivateFrameworks/CoreSymbolication.framework/Versions/A/CoreSymbolication
0x00007fff36561000 	/System/Library/Frameworks/Carbon.framework/Versions/A/Frameworks/CommonPanels.framework/Versions/A/CommonPanels
0x00007fff330ae000 	/System/Library/Frameworks/Carbon.framework/Versions/A/Frameworks/Help.framework/Versions/A/Help
0x00007fff36565000 	/System/Library/Frameworks/Carbon.framework/Versions/A/Frameworks/ImageCapture.framework/Versions/A/ImageCapture
0x00007fff3653d000 	/System/Library/Frameworks/Carbon.framework/Versions/A/Frameworks/OpenScripting.framework/Versions/A/OpenScripting
0x00007fff3655d000 	/System/Library/Frameworks/Carbon.framework/Versions/A/Frameworks/Ink.framework/Versions/A/Ink
0x00007fff3d263000 	/System/Library/Frameworks/Carbon.framework/Versions/A/Frameworks/Print.framework/Versions/A/Print
0x00007fff36559000 	/System/Library/Frameworks/Carbon.framework/Versions/A/Frameworks/SecurityHI.framework/Versions/A/SecurityHI
0x00007fff31c8b000 	/System/Library/PrivateFrameworks/DebugSymbols.framework/Versions/A/DebugSymbols
0x000000011224f000 	/private/var/folders/0v/qj4f4wnj143dhv1szc5_kxy40000gn/T/AppTranslocation/54E195CF-9BF5-4032-942F-84F27DB8FC94/d/Android Studio.app/Contents/jre/jdk/Contents/Home/jre/lib/libawt_lwawt.dylib
0x000000011233e000 	/private/var/folders/0v/qj4f4wnj143dhv1szc5_kxy40000gn/T/AppTranslocation/54E195CF-9BF5-4032-942F-84F27DB8FC94/d/Android Studio.app/Contents/jre/jdk/Contents/Home/jre/lib/libosxapp.dylib
0x00007fff3c627000 	/System/Library/Frameworks/ExceptionHandling.framework/Versions/A/ExceptionHandling
0x00007fff22bc1000 	/System/Library/PrivateFrameworks/CoreServicesInternal.framework/Versions/A/CoreServicesInternal
0x00007fff311e4000 	/System/Library/Frameworks/FileProvider.framework/Versions/A/FileProvider
0x00007fff261d0000 	/System/Library/Frameworks/Accounts.framework/Versions/A/Accounts
0x00007fff31305000 	/System/Library/PrivateFrameworks/GenerationalStorage.framework/Versions/A/GenerationalStorage
0x00007fff30c03000 	/System/Library/PrivateFrameworks/SymptomDiagnosticReporter.framework/Versions/A/SymptomDiagnosticReporter
0x00007fff2e509000 	/System/Library/PrivateFrameworks/AppContainer.framework/Versions/A/AppContainer
0x00007fff23d0d000 	/System/Library/PrivateFrameworks/DesktopServicesPriv.framework/Versions/A/DesktopServicesPriv
0x00007fff22cf6000 	/usr/lib/libsandbox.1.dylib
0x00007fff27449000 	/System/Library/PrivateFrameworks/UserManagement.framework/Versions/A/UserManagement
0x00007fff29d4a000 	/System/Library/PrivateFrameworks/MobileKeyBag.framework/Versions/A/MobileKeyBag
0x00007fff3465e000 	/System/Library/PrivateFrameworks/ChunkingLibrary.framework/Versions/A/ChunkingLibrary
0x00007fff2e51e000 	/System/Library/PrivateFrameworks/SecCodeWrapper.framework/Versions/A/SecCodeWrapper
0x00007fff2afab000 	/System/Library/PrivateFrameworks/CrashReporterSupport.framework/Versions/A/CrashReporterSupport
0x00007fff483e2000 	/System/Library/PrivateFrameworks/OSAnalytics.framework/Versions/A/OSAnalytics
0x00007fff781ed000 	/usr/lib/libRosetta.dylib
0x00007fff3303f000 	/System/Library/PrivateFrameworks/RemoteServiceDiscovery.framework/Versions/A/RemoteServiceDiscovery
0x00007fff523ba000 	/System/Library/PrivateFrameworks/Symbolication.framework/Versions/A/Symbolication
0x00007fff3304f000 	/System/Library/PrivateFrameworks/RemoteXPC.framework/Versions/A/RemoteXPC
0x00007fff3955a000 	/System/Library/PrivateFrameworks/OSAServicesClient.framework/Versions/A/OSAServicesClient
0x00007fff3de38000 	/System/Library/PrivateFrameworks/MallocStackLogging.framework/Versions/A/MallocStackLogging
0x00007fff2e2a0000 	/System/Library/PrivateFrameworks/Sharing.framework/Versions/A/Sharing
0x00007fff32c1c000 	/System/Library/PrivateFrameworks/Apple80211.framework/Versions/A/Apple80211
0x00007fff2a3cf000 	/System/Library/PrivateFrameworks/AuthKit.framework/Versions/A/AuthKit
0x00007fff29b4a000 	/System/Library/PrivateFrameworks/CoreUtils.framework/Versions/A/CoreUtils
0x00007fff29a77000 	/System/Library/Frameworks/CoreWLAN.framework/Versions/A/CoreWLAN
0x00007fff2e3e8000 	/System/Library/Frameworks/IOBluetooth.framework/Versions/A/IOBluetooth
0x00007fff32c80000 	/System/Library/PrivateFrameworks/CoreWiFi.framework/Versions/A/CoreWiFi
0x00007fff2d948000 	/System/Library/PrivateFrameworks/CorePhoneNumbers.framework/Versions/A/CorePhoneNumbers
0x00007fff30d0b000 	/System/Library/PrivateFrameworks/DiskManagement.framework/Versions/A/DiskManagement
0x00007fff30c21000 	/System/Library/PrivateFrameworks/AppleIDAuthSupport.framework/Versions/A/AppleIDAuthSupport
0x00007fff2d925000 	/System/Library/PrivateFrameworks/KeychainCircle.framework/Versions/A/KeychainCircle
0x00007fff30cd7000 	/System/Library/PrivateFrameworks/MediaKit.framework/Versions/A/MediaKit
0x00007fff30c2e000 	/System/Library/Frameworks/DiscRecording.framework/Versions/A/DiscRecording
0x00007fff2b0ce000 	/usr/lib/libCoreStorage.dylib
0x00007fff330ba000 	/usr/lib/libcsfde.dylib
0x00007fff2e522000 	/System/Library/PrivateFrameworks/ProtectedCloudStorage.framework/Versions/A/ProtectedCloudStorage
0x00007fff330b2000 	/System/Library/PrivateFrameworks/EFILogin.framework/Versions/A/EFILogin
0x00007fff336a7000 	/System/Library/Frameworks/AudioUnit.framework/Versions/A/AudioUnit
0x00007fff30ba0000 	/System/Library/Frameworks/CoreBluetooth.framework/Versions/A/CoreBluetooth
0x00007fff2b0c6000 	/usr/lib/libMatch.1.dylib
0x00007fff44073000 	/System/Library/CoreServices/RawCamera.bundle/Contents/MacOS/RawCamera
0x00007fff2d8d1000 	/System/Library/PrivateFrameworks/MobileAsset.framework/Versions/A/MobileAsset
0x00007fff336cc000 	/System/Library/PrivateFrameworks/StreamingZip.framework/Versions/A/StreamingZip
0x00007fff2c073000 	/System/Library/Frameworks/MediaToolbox.framework/Versions/A/MediaToolbox
0x00007fff311b6000 	/System/Library/PrivateFrameworks/CoreAVCHD.framework/Versions/A/CoreAVCHD
0x00007fff3036a000 	/System/Library/Frameworks/MediaAccessibility.framework/Versions/A/MediaAccessibility
0x00007fff311b2000 	/System/Library/PrivateFrameworks/Mangrove.framework/Versions/A/Mangrove
0x00007fff30376000 	/System/Library/PrivateFrameworks/AlgosScoreFramework.framework/Versions/A/AlgosScoreFramework
0x00007fff31b7b000 	/System/Library/PrivateFrameworks/AppleVPA.framework/Versions/A/AppleVPA
0x00007fff30df7000 	/System/Library/PrivateFrameworks/CoreAUC.framework/Versions/A/CoreAUC
0x00007fff41a65000 	/System/Library/Frameworks/Accelerate.framework/Versions/A/Frameworks/vImage.framework/Versions/A/Libraries/libCGInterfaces.dylib
0x00000001274de000 	/usr/lib/libobjc-trampolines.dylib
0x00007fff2714b000 	/System/Library/PrivateFrameworks/ViewBridge.framework/Versions/A/ViewBridge
0x0000000129a42000 	/private/var/folders/0v/qj4f4wnj143dhv1szc5_kxy40000gn/T/AppTranslocation/54E195CF-9BF5-4032-942F-84F27DB8FC94/d/Android Studio.app/Contents/jre/jdk/Contents/Home/jre/lib/libfontmanager.dylib
0x0000000129b6a000 	/private/var/folders/0v/qj4f4wnj143dhv1szc5_kxy40000gn/T/AppTranslocation/54E195CF-9BF5-4032-942F-84F27DB8FC94/d/Android Studio.app/Contents/jre/jdk/Contents/Home/jre/lib/libfreetype.dylib.6
0x0000000129c6c000 	/private/var/folders/0v/qj4f4wnj143dhv1szc5_kxy40000gn/T/libgdxtuyen/f7649394/liblwjgl.dylib
0x00000001282bc000 	/private/var/folders/0v/qj4f4wnj143dhv1szc5_kxy40000gn/T/AppTranslocation/54E195CF-9BF5-4032-942F-84F27DB8FC94/d/Android Studio.app/Contents/jre/jdk/Contents/Home/jre/lib/libjawt.dylib
0x0000000129cee000 	/private/var/folders/0v/qj4f4wnj143dhv1szc5_kxy40000gn/T/libgdxtuyen/f7649394/openal.dylib
0x0000000129d54000 	/System/Library/Components/CoreAudio.component/Contents/MacOS/CoreAudio
0x0000000129ef0000 	/System/Library/Extensions/AppleHDA.kext/Contents/PlugIns/AppleHDAHALPlugIn.bundle/Contents/MacOS/AppleHDAHALPlugIn
0x00007fff6cbf2000 	/System/Library/Frameworks/OpenGL.framework/Versions/A/Resources/GLEngine.bundle/GLEngine
0x00007fff6ca52000 	/System/Library/Frameworks/OpenGL.framework/Versions/A/Libraries/libGLProgrammability.dylib
0x00007fff645c3000 	/System/Library/Extensions/AppleIntelBDWGraphicsGLDriver.bundle/Contents/MacOS/AppleIntelBDWGraphicsGLDriver
0x00007fff46d74000 	/System/Library/PrivateFrameworks/GPUSupport.framework/Versions/A/Libraries/libGPUSupportMercury.dylib
0x00007fff6cd6e000 	/System/Library/Frameworks/OpenGL.framework/Versions/A/Resources/GLRendererFloat.bundle/GLRendererFloat
0x00007fff2b870000 	/System/Library/PrivateFrameworks/login.framework/Versions/A/login

VM Arguments:
jvm_args: -Dfile.encoding=UTF-8 -Duser.country=VN -Duser.language=en -Duser.variant 
java_command: com.mygdx.game.desktop.DesktopLauncher
java_class_path (initial): /Users/tuyen/Desktop/libgdx/3-link/desktop/build/classes/java/main:/Users/tuyen/Desktop/libgdx/3-link/desktop/build/resources/main:/Users/tuyen/Desktop/libgdx/3-link/core/build/libs/core-1.0.jar:/Users/tuyen/.gradle/caches/modules-2/files-2.1/com.badlogicgames.gdx/gdx-backend-lwjgl/1.9.8/b7c138f14ed67ad830ae7597da3d86ae02b20eee/gdx-backend-lwjgl-1.9.8.jar:/Users/tuyen/.gradle/caches/modules-2/files-2.1/com.badlogicgames.gdx/gdx-platform/1.9.8/604a2ef2c7c92a5900114757cbd3fb4dcbb8270c/gdx-platform-1.9.8-natives-desktop.jar:/Users/tuyen/.gradle/caches/modules-2/files-2.1/com.badlogicgames.gdx/gdx-ai/1.8.2/ab75d2ce80ab1b1ce6828a15dc0f417abac4c674/gdx-ai-1.8.2.jar:/Users/tuyen/.gradle/caches/modules-2/files-2.1/de.golfgl.gdxpushmessages/gdx-pushmessages-core/1.0.0/42aafe77f57343de34737de03831fa86dfdfcffe/gdx-pushmessages-core-1.0.0.jar:/Users/tuyen/.gradle/caches/modules-2/files-2.1/com.badlogicgames.gdx/gdx/1.9.8/a35a0076fbce873f9c2d5a1a1c8066244231bb3c/gdx-1.9.8.jar:/Users/tuyen/.gradle/caches/modules-2/files-2.1/org.lwjgl.lwjgl/lwjgl_util/2.9.2/4b9e37300a87799856e0bd15ed81663cdb6b0947/lwjgl_util-2.9.2.jar:/Users/tuyen/.gradle/caches/modules-2/files-2.1/org.lwjgl.lwjgl/lwjgl/2.9.2/a9d80fe5935c7a9149f6584d9777cfd471f65489/lwjgl-2.9.2.jar:/Users/tuyen/.gradle/caches/modules-2/files-2.1/com.badlogicgames.jlayer/jlayer/1.0.1-gdx/7cca83cec5c1b2f011362f4d85aabd71a73b049d/jlayer-1.0.1-gdx.jar:/Users/tuyen/.gradle/caches/modules-2/files-2.1/org.jcraft/jorbis/0.0.17/8872d22b293e8f5d7d56ff92be966e6dc28ebdc6/jorbis-0.0.17.jar:/Users/tuyen/.gradle/caches/modules-2/files-2.1/org.lwjgl.lwjgl/lwjgl-platform/2.9.2/510c7d317f5e9e700b9cfaac5fd38bdebf0702e0/lwjgl-platform-2.9.2-natives-windows.jar:/Users/tuyen/.gradle/caches/modules-2/files-2.1/org.lwjgl.lwjgl/lwjgl-platform/2.9.2/d276cdf61fe2b516c7b7f4aa1b8dea91dbdc8d56/lwjgl-platform-2.9.2-natives-linux.jar:/Users/tuyen/.gradle/caches/modules-2/files-2.1/org.lwjgl.lwjgl/lwjgl-platform/2.9.2/d55b46b40b40249d
Launcher Type: SUN_STANDARD

Environment Variables:
PATH=/usr/local/bin:/usr/bin:/bin:/usr/sbin:/sbin
SHELL=/bin/zsh

Signal Handlers:
SIGSEGV: [libjvm.dylib+0x565c43], sa_mask[0]=11111111011111110111111111111111, sa_flags=SA_ONSTACK|SA_RESTART|SA_SIGINFO
SIGBUS: [libjvm.dylib+0x565c43], sa_mask[0]=11111111011111110111111111111111, sa_flags=SA_RESTART|SA_SIGINFO
SIGFPE: [libjvm.dylib+0x45dd9d], sa_mask[0]=11111111011111110111111111111111, sa_flags=SA_RESTART|SA_SIGINFO
SIGPIPE: [libjvm.dylib+0x45dd9d], sa_mask[0]=11111111011111110111111111111111, sa_flags=SA_RESTART|SA_SIGINFO
SIGXFSZ: [libjvm.dylib+0x45dd9d], sa_mask[0]=11111111011111110111111111111111, sa_flags=SA_RESTART|SA_SIGINFO
SIGILL: [libjvm.dylib+0x45dd9d], sa_mask[0]=11111111011111110111111111111111, sa_flags=SA_RESTART|SA_SIGINFO
SIGUSR1: SIG_DFL, sa_mask[0]=00000000000000000000000000000000, sa_flags=none
SIGUSR2: [libjvm.dylib+0x45e69c], sa_mask[0]=00100000000000000000000000000000, sa_flags=SA_RESTART|SA_SIGINFO
SIGHUP: [libjvm.dylib+0x45c8c1], sa_mask[0]=11111111011111110111111111111111, sa_flags=SA_RESTART|SA_SIGINFO
SIGINT: [libjvm.dylib+0x45c8c1], sa_mask[0]=11111111011111110111111111111111, sa_flags=SA_RESTART|SA_SIGINFO
SIGTERM: [libjvm.dylib+0x45c8c1], sa_mask[0]=11111111011111110111111111111111, sa_flags=SA_RESTART|SA_SIGINFO
SIGQUIT: [libjvm.dylib+0x45c8c1], sa_mask[0]=11111111011111110111111111111111, sa_flags=SA_RESTART|SA_SIGINFO


---------------  S Y S T E M  ---------------

OS:Bsduname:Darwin 20.3.0 Darwin Kernel Version 20.3.0: Thu Jan 21 00:07:06 PST 2021; root:xnu-7195.81.3~1/RELEASE_X86_64 x86_64
rlimit: STACK 8192k, CORE 0k, NPROC 1392, NOFILE 10240, AS infinity
load average:3.73 4.55 5.68

CPU:total 4 (initial active 4) (2 cores per cpu, 2 threads per core) family 6 model 61 stepping 4, cmov, cx8, fxsr, mmx, sse, sse2, sse3, ssse3, sse4.1, sse4.2, popcnt, avx, avx2, aes, clmul, erms, 3dnowpref, lzcnt, ht, tsc, tscinvbit, bmi1, bmi2, adx

Memory: 4k page, physical 8388608k(437116k free)

/proc/meminfo:


vm_info: OpenJDK 64-Bit Server VM (25.242-b3-6915495) for bsd-amd64 JRE (1.8.0_242-release-1644-b3-6915495), built by "android-build" with gcc 4.2.1 Compatible Android (5484270 based on r353983c) Clang 9.0.3 (https://android.googlesource.com/toolchain/clang 745b335211bb9eadfa6aa6301f84715cee4b37c5) (https://android.googlesource.com/toolchain/llvm 60cf23e54e46c807513f7a36d0a7b777920b5881)

time: Wed Apr  7 10:01:57 2021
timezone: +07
elapsed time: 1 seconds (0d 0h 0m 1s)

